2022-04-08 13:39:02.008 INFO  (main) [   ] o.e.j.u.log Logging initialized @1461ms to org.eclipse.jetty.util.log.Slf4jLog
2022-04-08 13:39:02.326 INFO  (main) [   ] o.e.j.s.Server jetty-9.4.44.v20210927; built: 2021-09-27T23:02:44.612Z; git: 8da83308eeca865e495e53ef315a249d63ba9332; jvm 14.0.2+12-46
2022-04-08 13:39:02.339 INFO  (main) [   ] o.e.j.d.p.ScanningAppProvider Deployment monitor [file:///C:/Users/rajes/OneDrive/Desktop/CZ4034%20Project/CZ4034-Information-Retrieval/solr-8.11.1/server/contexts/] at interval 0
2022-04-08 13:39:02.910 INFO  (main) [   ] o.e.j.w.StandardDescriptorProcessor NO JSP Support for /solr, did not find org.apache.jasper.servlet.JspServlet
2022-04-08 13:39:02.924 INFO  (main) [   ] o.e.j.s.session DefaultSessionIdManager workerName=node0
2022-04-08 13:39:02.924 INFO  (main) [   ] o.e.j.s.session No SessionScavenger set, using defaults
2022-04-08 13:39:02.928 INFO  (main) [   ] o.e.j.s.session node0 Scavenging every 600000ms
2022-04-08 13:39:02.995 INFO  (main) [   ] o.a.s.s.SolrDispatchFilter Using logger factory org.apache.logging.slf4j.Log4jLoggerFactory
2022-04-08 13:39:02.999 INFO  (main) [   ] o.a.s.s.SolrDispatchFilter  ___      _       Welcome to Apache Solr™ version 8.11.1
2022-04-08 13:39:02.999 INFO  (main) [   ] o.a.s.s.SolrDispatchFilter / __| ___| |_ _   Starting in standalone mode on port 8888
2022-04-08 13:39:03.000 INFO  (main) [   ] o.a.s.s.SolrDispatchFilter \__ \/ _ \ | '_|  Install dir: C:\Users\rajes\OneDrive\Desktop\CZ4034 Project\CZ4034-Information-Retrieval\solr-8.11.1
2022-04-08 13:39:03.000 INFO  (main) [   ] o.a.s.s.SolrDispatchFilter |___/\___/_|_|    Start time: 2022-04-08T13:39:03.000152Z
2022-04-08 13:39:03.015 INFO  (main) [   ] o.a.s.c.SolrPaths Using system property solr.solr.home: C:\Users\rajes\OneDrive\Desktop\CZ4034 Project\CZ4034-Information-Retrieval\solr-8.11.1\server\solr
2022-04-08 13:39:03.015 INFO  (main) [   ] o.a.s.c.SolrXmlConfig Loading container configuration from C:\Users\rajes\OneDrive\Desktop\CZ4034 Project\CZ4034-Information-Retrieval\solr-8.11.1\server\solr\solr.xml
2022-04-08 13:39:03.141 INFO  (main) [   ] o.a.s.c.SolrXmlConfig MBean server found: com.sun.jmx.mbeanserver.JmxMBeanServer@72c8e7b, but no JMX reporters were configured - adding default JMX reporter.
2022-04-08 13:39:04.768 INFO  (main) [   ] o.a.s.h.c.HttpShardHandlerFactory Host whitelist initialized: WhitelistHostChecker [whitelistHosts=null, whitelistHostCheckingEnabled=true]
2022-04-08 13:39:05.151 WARN  (main) [   ] o.e.j.u.s.S.config Trusting all certificates configured for Client@52cb4f50[provider=null,keyStore=null,trustStore=null]
2022-04-08 13:39:05.151 WARN  (main) [   ] o.e.j.u.s.S.config No Client EndPointIdentificationAlgorithm configured for Client@52cb4f50[provider=null,keyStore=null,trustStore=null]
2022-04-08 13:39:05.355 WARN  (main) [   ] o.e.j.u.s.S.config Trusting all certificates configured for Client@38792286[provider=null,keyStore=null,trustStore=null]
2022-04-08 13:39:05.355 WARN  (main) [   ] o.e.j.u.s.S.config No Client EndPointIdentificationAlgorithm configured for Client@38792286[provider=null,keyStore=null,trustStore=null]
2022-04-08 13:39:05.438 WARN  (main) [   ] o.a.s.c.CoreContainer Not all security plugins configured!  authentication=disabled authorization=disabled.  Solr is only as secure as you make it. Consider configuring authentication/authorization before exposing Solr to users internal or external.  See https://s.apache.org/solrsecurity for more info
2022-04-08 13:39:05.650 INFO  (main) [   ] o.a.s.c.TransientSolrCoreCacheDefault Allocating transient core cache for max 2147483647 cores with initial capacity of 1024
2022-04-08 13:39:05.662 INFO  (main) [   ] o.a.s.h.a.MetricsHistoryHandler No .system collection, keeping metrics history in memory.
2022-04-08 13:39:05.739 INFO  (main) [   ] o.a.s.m.r.SolrJmxReporter JMX monitoring for 'solr.node' (registry 'solr.node') enabled at server: com.sun.jmx.mbeanserver.JmxMBeanServer@72c8e7b
2022-04-08 13:39:05.740 INFO  (main) [   ] o.a.s.m.r.SolrJmxReporter JMX monitoring for 'solr.jvm' (registry 'solr.jvm') enabled at server: com.sun.jmx.mbeanserver.JmxMBeanServer@72c8e7b
2022-04-08 13:39:05.743 INFO  (main) [   ] o.a.s.m.r.SolrJmxReporter JMX monitoring for 'solr.jetty' (registry 'solr.jetty') enabled at server: com.sun.jmx.mbeanserver.JmxMBeanServer@72c8e7b
2022-04-08 13:39:05.812 INFO  (main) [   ] o.a.s.c.CorePropertiesLocator Found 4 core definitions underneath C:\Users\rajes\OneDrive\Desktop\CZ4034 Project\CZ4034-Information-Retrieval\solr-8.11.1\server\solr
2022-04-08 13:39:05.813 INFO  (main) [   ] o.a.s.c.CorePropertiesLocator Cores are: [reddit_comment_core, reddit_post_core, test_core, twitter_core]
2022-04-08 13:39:05.873 INFO  (coreLoadExecutor-13-thread-2) [   x:reddit_post_core] o.a.s.c.SolrConfig Using Lucene MatchVersion: 8.11.1
2022-04-08 13:39:05.873 INFO  (coreLoadExecutor-13-thread-3) [   x:test_core] o.a.s.c.SolrConfig Using Lucene MatchVersion: 8.11.1
2022-04-08 13:39:05.873 INFO  (coreLoadExecutor-13-thread-1) [   x:reddit_comment_core] o.a.s.c.SolrConfig Using Lucene MatchVersion: 8.11.1
2022-04-08 13:39:05.917 WARN  (coreLoadExecutor-13-thread-3) [   x:test_core] o.a.s.c.SolrConfig solrconfig.xml: <jmx> is no longer supported, use solr.xml:/metrics/reporter section instead
2022-04-08 13:39:05.917 WARN  (coreLoadExecutor-13-thread-1) [   x:reddit_comment_core] o.a.s.c.SolrConfig solrconfig.xml: <jmx> is no longer supported, use solr.xml:/metrics/reporter section instead
2022-04-08 13:39:05.917 WARN  (coreLoadExecutor-13-thread-2) [   x:reddit_post_core] o.a.s.c.SolrConfig solrconfig.xml: <jmx> is no longer supported, use solr.xml:/metrics/reporter section instead
2022-04-08 13:39:05.981 INFO  (coreLoadExecutor-13-thread-1) [   x:reddit_comment_core] o.a.s.s.IndexSchema Schema name=default-config
2022-04-08 13:39:05.981 INFO  (coreLoadExecutor-13-thread-3) [   x:test_core] o.a.s.s.IndexSchema Schema name=default-config
2022-04-08 13:39:05.983 INFO  (coreLoadExecutor-13-thread-2) [   x:reddit_post_core] o.a.s.s.IndexSchema Schema name=default-config
2022-04-08 13:39:06.412 WARN  (coreLoadExecutor-13-thread-2) [   x:reddit_post_core] o.a.s.s.AbstractSpatialPrefixTreeFieldType FieldType SpatialRecursivePrefixTreeFieldType does not allow omitNorms to be specified in schema, hardcoded behavior is omitNorms=true
2022-04-08 13:39:06.412 WARN  (coreLoadExecutor-13-thread-1) [   x:reddit_comment_core] o.a.s.s.AbstractSpatialPrefixTreeFieldType FieldType SpatialRecursivePrefixTreeFieldType does not allow omitNorms to be specified in schema, hardcoded behavior is omitNorms=true
2022-04-08 13:39:06.412 WARN  (coreLoadExecutor-13-thread-3) [   x:test_core] o.a.s.s.AbstractSpatialPrefixTreeFieldType FieldType SpatialRecursivePrefixTreeFieldType does not allow omitNorms to be specified in schema, hardcoded behavior is omitNorms=true
2022-04-08 13:39:06.412 WARN  (coreLoadExecutor-13-thread-2) [   x:reddit_post_core] o.a.s.s.AbstractSpatialPrefixTreeFieldType FieldType SpatialRecursivePrefixTreeFieldType does not allow omitTermFreqAndPositions to be specified in schema, hardcoded behavior is omitTermFreqAndPositions=true
2022-04-08 13:39:06.412 WARN  (coreLoadExecutor-13-thread-3) [   x:test_core] o.a.s.s.AbstractSpatialPrefixTreeFieldType FieldType SpatialRecursivePrefixTreeFieldType does not allow omitTermFreqAndPositions to be specified in schema, hardcoded behavior is omitTermFreqAndPositions=true
2022-04-08 13:39:06.412 WARN  (coreLoadExecutor-13-thread-1) [   x:reddit_comment_core] o.a.s.s.AbstractSpatialPrefixTreeFieldType FieldType SpatialRecursivePrefixTreeFieldType does not allow omitTermFreqAndPositions to be specified in schema, hardcoded behavior is omitTermFreqAndPositions=true
2022-04-08 13:39:06.412 WARN  (coreLoadExecutor-13-thread-2) [   x:reddit_post_core] o.a.s.s.AbstractSpatialPrefixTreeFieldType FieldType SpatialRecursivePrefixTreeFieldType does not allow termOffsets to be specified in schema, hardcoded behavior is termOffsets=false
2022-04-08 13:39:06.412 WARN  (coreLoadExecutor-13-thread-3) [   x:test_core] o.a.s.s.AbstractSpatialPrefixTreeFieldType FieldType SpatialRecursivePrefixTreeFieldType does not allow termOffsets to be specified in schema, hardcoded behavior is termOffsets=false
2022-04-08 13:39:06.412 WARN  (coreLoadExecutor-13-thread-1) [   x:reddit_comment_core] o.a.s.s.AbstractSpatialPrefixTreeFieldType FieldType SpatialRecursivePrefixTreeFieldType does not allow termOffsets to be specified in schema, hardcoded behavior is termOffsets=false
2022-04-08 13:39:06.412 WARN  (coreLoadExecutor-13-thread-2) [   x:reddit_post_core] o.a.s.s.AbstractSpatialPrefixTreeFieldType FieldType SpatialRecursivePrefixTreeFieldType does not allow termPositions to be specified in schema, hardcoded behavior is termPositions=false
2022-04-08 13:39:06.412 WARN  (coreLoadExecutor-13-thread-1) [   x:reddit_comment_core] o.a.s.s.AbstractSpatialPrefixTreeFieldType FieldType SpatialRecursivePrefixTreeFieldType does not allow termPositions to be specified in schema, hardcoded behavior is termPositions=false
2022-04-08 13:39:06.412 WARN  (coreLoadExecutor-13-thread-2) [   x:reddit_post_core] o.a.s.s.AbstractSpatialPrefixTreeFieldType FieldType SpatialRecursivePrefixTreeFieldType does not allow omitPositions to be specified in schema, hardcoded behavior is omitPositions=true
2022-04-08 13:39:06.412 WARN  (coreLoadExecutor-13-thread-1) [   x:reddit_comment_core] o.a.s.s.AbstractSpatialPrefixTreeFieldType FieldType SpatialRecursivePrefixTreeFieldType does not allow omitPositions to be specified in schema, hardcoded behavior is omitPositions=true
2022-04-08 13:39:06.412 WARN  (coreLoadExecutor-13-thread-3) [   x:test_core] o.a.s.s.AbstractSpatialPrefixTreeFieldType FieldType SpatialRecursivePrefixTreeFieldType does not allow termPositions to be specified in schema, hardcoded behavior is termPositions=false
2022-04-08 13:39:06.412 WARN  (coreLoadExecutor-13-thread-3) [   x:test_core] o.a.s.s.AbstractSpatialPrefixTreeFieldType FieldType SpatialRecursivePrefixTreeFieldType does not allow omitPositions to be specified in schema, hardcoded behavior is omitPositions=true
2022-04-08 13:39:06.882 INFO  (coreLoadExecutor-13-thread-2) [   x:reddit_post_core] o.a.s.s.IndexSchema Loaded schema default-config/1.6 with uniqueid field id
2022-04-08 13:39:06.882 INFO  (coreLoadExecutor-13-thread-3) [   x:test_core] o.a.s.s.IndexSchema Loaded schema default-config/1.6 with uniqueid field id
2022-04-08 13:39:06.884 INFO  (coreLoadExecutor-13-thread-1) [   x:reddit_comment_core] o.a.s.s.IndexSchema Loaded schema default-config/1.6 with uniqueid field id
2022-04-08 13:39:07.107 INFO  (coreLoadExecutor-13-thread-2) [   x:reddit_post_core] o.a.s.c.CoreContainer Creating SolrCore 'reddit_post_core' using configuration from instancedir C:\Users\rajes\OneDrive\Desktop\CZ4034 Project\CZ4034-Information-Retrieval\solr-8.11.1\server\solr\reddit_post_core, trusted=true
2022-04-08 13:39:07.112 INFO  (coreLoadExecutor-13-thread-1) [   x:reddit_comment_core] o.a.s.c.CoreContainer Creating SolrCore 'reddit_comment_core' using configuration from instancedir C:\Users\rajes\OneDrive\Desktop\CZ4034 Project\CZ4034-Information-Retrieval\solr-8.11.1\server\solr\reddit_comment_core, trusted=true
2022-04-08 13:39:07.112 INFO  (coreLoadExecutor-13-thread-3) [   x:test_core] o.a.s.c.CoreContainer Creating SolrCore 'test_core' using configuration from instancedir C:\Users\rajes\OneDrive\Desktop\CZ4034 Project\CZ4034-Information-Retrieval\solr-8.11.1\server\solr\test_core, trusted=true
2022-04-08 13:39:07.179 INFO  (coreLoadExecutor-13-thread-1) [   x:reddit_comment_core] o.a.s.m.r.SolrJmxReporter JMX monitoring for 'solr.core.reddit_comment_core' (registry 'solr.core.reddit_comment_core') enabled at server: com.sun.jmx.mbeanserver.JmxMBeanServer@72c8e7b
2022-04-08 13:39:07.179 INFO  (coreLoadExecutor-13-thread-3) [   x:test_core] o.a.s.m.r.SolrJmxReporter JMX monitoring for 'solr.core.test_core' (registry 'solr.core.test_core') enabled at server: com.sun.jmx.mbeanserver.JmxMBeanServer@72c8e7b
2022-04-08 13:39:07.179 INFO  (coreLoadExecutor-13-thread-2) [   x:reddit_post_core] o.a.s.m.r.SolrJmxReporter JMX monitoring for 'solr.core.reddit_post_core' (registry 'solr.core.reddit_post_core') enabled at server: com.sun.jmx.mbeanserver.JmxMBeanServer@72c8e7b
2022-04-08 13:39:07.226 INFO  (coreLoadExecutor-13-thread-1) [   x:reddit_comment_core] o.a.s.c.SolrCore [[reddit_comment_core] ] Opening new SolrCore at [C:\Users\rajes\OneDrive\Desktop\CZ4034 Project\CZ4034-Information-Retrieval\solr-8.11.1\server\solr\reddit_comment_core], dataDir=[C:\Users\rajes\OneDrive\Desktop\CZ4034 Project\CZ4034-Information-Retrieval\solr-8.11.1\server\solr\reddit_comment_core\data\]
2022-04-08 13:39:07.226 INFO  (coreLoadExecutor-13-thread-2) [   x:reddit_post_core] o.a.s.c.SolrCore [[reddit_post_core] ] Opening new SolrCore at [C:\Users\rajes\OneDrive\Desktop\CZ4034 Project\CZ4034-Information-Retrieval\solr-8.11.1\server\solr\reddit_post_core], dataDir=[C:\Users\rajes\OneDrive\Desktop\CZ4034 Project\CZ4034-Information-Retrieval\solr-8.11.1\server\solr\reddit_post_core\data\]
2022-04-08 13:39:07.226 INFO  (coreLoadExecutor-13-thread-3) [   x:test_core] o.a.s.c.SolrCore [[test_core] ] Opening new SolrCore at [C:\Users\rajes\OneDrive\Desktop\CZ4034 Project\CZ4034-Information-Retrieval\solr-8.11.1\server\solr\test_core], dataDir=[C:\Users\rajes\OneDrive\Desktop\CZ4034 Project\CZ4034-Information-Retrieval\solr-8.11.1\server\solr\test_core\data\]
2022-04-08 13:39:07.278 INFO  (main) [   ] o.e.j.s.h.ContextHandler Started o.e.j.w.WebAppContext@743cb8e0{/solr,file:///C:/Users/rajes/OneDrive/Desktop/CZ4034%20Project/CZ4034-Information-Retrieval/solr-8.11.1/server/solr-webapp/webapp/,AVAILABLE}{C:\Users\rajes\OneDrive\Desktop\CZ4034 Project\CZ4034-Information-Retrieval\solr-8.11.1\server/solr-webapp/webapp}
2022-04-08 13:39:07.315 INFO  (main) [   ] o.e.j.s.AbstractConnector Started ServerConnector@bff34c6{HTTP/1.1, (http/1.1, h2c)}{0.0.0.0:8888}
2022-04-08 13:39:07.315 INFO  (main) [   ] o.e.j.s.Server Started @6771ms
2022-04-08 13:39:08.539 INFO  (coreLoadExecutor-13-thread-3) [   x:test_core] o.a.s.u.UpdateHandler Using UpdateLog implementation: org.apache.solr.update.UpdateLog
2022-04-08 13:39:08.539 INFO  (coreLoadExecutor-13-thread-1) [   x:reddit_comment_core] o.a.s.u.UpdateHandler Using UpdateLog implementation: org.apache.solr.update.UpdateLog
2022-04-08 13:39:08.539 INFO  (coreLoadExecutor-13-thread-2) [   x:reddit_post_core] o.a.s.u.UpdateHandler Using UpdateLog implementation: org.apache.solr.update.UpdateLog
2022-04-08 13:39:08.539 INFO  (coreLoadExecutor-13-thread-2) [   x:reddit_post_core] o.a.s.u.UpdateLog Initializing UpdateLog: dataDir= defaultSyncLevel=FLUSH numRecordsToKeep=100 maxNumLogsToKeep=10 numVersionBuckets=65536
2022-04-08 13:39:08.539 INFO  (coreLoadExecutor-13-thread-1) [   x:reddit_comment_core] o.a.s.u.UpdateLog Initializing UpdateLog: dataDir= defaultSyncLevel=FLUSH numRecordsToKeep=100 maxNumLogsToKeep=10 numVersionBuckets=65536
2022-04-08 13:39:08.539 INFO  (coreLoadExecutor-13-thread-3) [   x:test_core] o.a.s.u.UpdateLog Initializing UpdateLog: dataDir= defaultSyncLevel=FLUSH numRecordsToKeep=100 maxNumLogsToKeep=10 numVersionBuckets=65536
2022-04-08 13:39:08.577 INFO  (coreLoadExecutor-13-thread-2) [   x:reddit_post_core] o.a.s.u.CommitTracker Hard AutoCommit: if uncommitted for 15000ms; 
2022-04-08 13:39:08.577 INFO  (coreLoadExecutor-13-thread-1) [   x:reddit_comment_core] o.a.s.u.CommitTracker Hard AutoCommit: if uncommitted for 15000ms; 
2022-04-08 13:39:08.577 INFO  (coreLoadExecutor-13-thread-3) [   x:test_core] o.a.s.u.CommitTracker Hard AutoCommit: if uncommitted for 15000ms; 
2022-04-08 13:39:08.577 INFO  (coreLoadExecutor-13-thread-3) [   x:test_core] o.a.s.u.CommitTracker Soft AutoCommit: disabled
2022-04-08 13:39:08.577 INFO  (coreLoadExecutor-13-thread-1) [   x:reddit_comment_core] o.a.s.u.CommitTracker Soft AutoCommit: disabled
2022-04-08 13:39:08.577 INFO  (coreLoadExecutor-13-thread-2) [   x:reddit_post_core] o.a.s.u.CommitTracker Soft AutoCommit: disabled
2022-04-08 13:39:08.927 INFO  (coreLoadExecutor-13-thread-1) [   x:reddit_comment_core] o.a.s.r.ManagedResourceStorage File-based storage initialized to use dir: C:\Users\rajes\OneDrive\Desktop\CZ4034 Project\CZ4034-Information-Retrieval\solr-8.11.1\server\solr\reddit_comment_core\conf
2022-04-08 13:39:08.927 INFO  (coreLoadExecutor-13-thread-2) [   x:reddit_post_core] o.a.s.r.ManagedResourceStorage File-based storage initialized to use dir: C:\Users\rajes\OneDrive\Desktop\CZ4034 Project\CZ4034-Information-Retrieval\solr-8.11.1\server\solr\reddit_post_core\conf
2022-04-08 13:39:08.927 INFO  (coreLoadExecutor-13-thread-3) [   x:test_core] o.a.s.r.ManagedResourceStorage File-based storage initialized to use dir: C:\Users\rajes\OneDrive\Desktop\CZ4034 Project\CZ4034-Information-Retrieval\solr-8.11.1\server\solr\test_core\conf
2022-04-08 13:39:08.949 INFO  (coreLoadExecutor-13-thread-3) [   x:test_core] o.a.s.h.c.SpellCheckComponent Initializing spell checkers
2022-04-08 13:39:08.949 INFO  (coreLoadExecutor-13-thread-2) [   x:reddit_post_core] o.a.s.h.c.SpellCheckComponent Initializing spell checkers
2022-04-08 13:39:08.949 INFO  (coreLoadExecutor-13-thread-1) [   x:reddit_comment_core] o.a.s.h.c.SpellCheckComponent Initializing spell checkers
2022-04-08 13:39:08.960 INFO  (coreLoadExecutor-13-thread-3) [   x:test_core] o.a.s.s.DirectSolrSpellChecker init: {name=direct,field=_text_,field=tweet,classname=solr.DirectSolrSpellChecker,distanceMeasure=org.apache.lucene.search.spell.LevenshteinDistance,accuracy=0.5,maxQueryFrequency=0.01,maxEdits=2,minPrefix=1,maxInspections=5,minQueryLength=4}
2022-04-08 13:39:08.960 INFO  (coreLoadExecutor-13-thread-1) [   x:reddit_comment_core] o.a.s.s.DirectSolrSpellChecker init: {name=direct,field=text,classname=solr.DirectSolrSpellChecker,distanceMeasure=org.apache.lucene.search.spell.LevenshteinDistance,accuracy=0.5,maxQueryFrequency=0.01,maxEdits=2,minPrefix=1,maxInspections=5,minQueryLength=4}
2022-04-08 13:39:08.960 INFO  (coreLoadExecutor-13-thread-2) [   x:reddit_post_core] o.a.s.s.DirectSolrSpellChecker init: {name=direct,field=text,classname=solr.DirectSolrSpellChecker,distanceMeasure=org.apache.lucene.search.spell.LevenshteinDistance,accuracy=0.5,maxQueryFrequency=0.01,maxEdits=2,minPrefix=1,maxInspections=5,minQueryLength=4}
2022-04-08 13:39:08.982 INFO  (coreLoadExecutor-13-thread-1) [   x:reddit_comment_core] o.a.s.h.c.SpellCheckComponent Registering newSearcher listener for spellchecker: filebased
2022-04-08 13:39:08.982 INFO  (coreLoadExecutor-13-thread-2) [   x:reddit_post_core] o.a.s.h.c.SpellCheckComponent Registering newSearcher listener for spellchecker: filebased
2022-04-08 13:39:08.987 INFO  (coreLoadExecutor-13-thread-3) [   x:test_core] o.a.s.h.c.SpellCheckComponent Registering newSearcher listener for spellchecker: filebased
2022-04-08 13:39:09.003 INFO  (coreLoadExecutor-13-thread-1) [   x:reddit_comment_core] o.a.s.h.ReplicationHandler Commits will be reserved for 10000 ms
2022-04-08 13:39:09.003 INFO  (coreLoadExecutor-13-thread-3) [   x:test_core] o.a.s.h.ReplicationHandler Commits will be reserved for 10000 ms
2022-04-08 13:39:09.003 INFO  (coreLoadExecutor-13-thread-2) [   x:reddit_post_core] o.a.s.h.ReplicationHandler Commits will be reserved for 10000 ms
2022-04-08 13:39:09.033 INFO  (searcherExecutor-19-thread-1-processing-x:reddit_post_core) [   x:reddit_post_core] o.a.s.c.QuerySenderListener QuerySenderListener done.
2022-04-08 13:39:09.033 INFO  (searcherExecutor-19-thread-1-processing-x:reddit_post_core) [   x:reddit_post_core] o.a.s.h.c.SpellCheckComponent Loading spell index for spellchecker: direct
2022-04-08 13:39:09.033 INFO  (searcherExecutor-19-thread-1-processing-x:reddit_post_core) [   x:reddit_post_core] o.a.s.h.c.SpellCheckComponent Loading spell index for spellchecker: filebased
2022-04-08 13:39:09.035 INFO  (searcherExecutor-18-thread-1-processing-x:reddit_comment_core) [   x:reddit_comment_core] o.a.s.c.QuerySenderListener QuerySenderListener done.
2022-04-08 13:39:09.035 INFO  (searcherExecutor-18-thread-1-processing-x:reddit_comment_core) [   x:reddit_comment_core] o.a.s.h.c.SpellCheckComponent Loading spell index for spellchecker: direct
2022-04-08 13:39:09.035 INFO  (searcherExecutor-18-thread-1-processing-x:reddit_comment_core) [   x:reddit_comment_core] o.a.s.h.c.SpellCheckComponent Loading spell index for spellchecker: filebased
2022-04-08 13:39:09.038 INFO  (searcherExecutor-17-thread-1-processing-x:test_core) [   x:test_core] o.a.s.c.QuerySenderListener QuerySenderListener done.
2022-04-08 13:39:09.038 INFO  (searcherExecutor-17-thread-1-processing-x:test_core) [   x:test_core] o.a.s.h.c.SpellCheckComponent Loading spell index for spellchecker: direct
2022-04-08 13:39:09.038 INFO  (searcherExecutor-17-thread-1-processing-x:test_core) [   x:test_core] o.a.s.h.c.SpellCheckComponent Loading spell index for spellchecker: filebased
2022-04-08 13:39:09.049 INFO  (coreLoadExecutor-13-thread-2) [   x:twitter_core] o.a.s.c.SolrConfig Using Lucene MatchVersion: 8.11.1
2022-04-08 13:39:09.049 WARN  (coreLoadExecutor-13-thread-2) [   x:twitter_core] o.a.s.c.SolrConfig solrconfig.xml: <jmx> is no longer supported, use solr.xml:/metrics/reporter section instead
2022-04-08 13:39:09.055 INFO  (searcherExecutor-17-thread-1-processing-x:test_core) [   x:test_core] o.a.s.c.SolrCore [test_core]  Registered new searcher autowarm time: 0 ms
2022-04-08 13:39:09.055 INFO  (searcherExecutor-18-thread-1-processing-x:reddit_comment_core) [   x:reddit_comment_core] o.a.s.c.SolrCore [reddit_comment_core]  Registered new searcher autowarm time: 0 ms
2022-04-08 13:39:09.055 INFO  (searcherExecutor-19-thread-1-processing-x:reddit_post_core) [   x:reddit_post_core] o.a.s.c.SolrCore [reddit_post_core]  Registered new searcher autowarm time: 0 ms
2022-04-08 13:39:09.060 INFO  (coreLoadExecutor-13-thread-2) [   x:twitter_core] o.a.s.s.IndexSchema Schema name=default-config
2022-04-08 13:39:09.070 WARN  (coreLoadExecutor-13-thread-2) [   x:twitter_core] o.a.s.s.AbstractSpatialPrefixTreeFieldType FieldType SpatialRecursivePrefixTreeFieldType does not allow omitNorms to be specified in schema, hardcoded behavior is omitNorms=true
2022-04-08 13:39:09.070 WARN  (coreLoadExecutor-13-thread-2) [   x:twitter_core] o.a.s.s.AbstractSpatialPrefixTreeFieldType FieldType SpatialRecursivePrefixTreeFieldType does not allow omitTermFreqAndPositions to be specified in schema, hardcoded behavior is omitTermFreqAndPositions=true
2022-04-08 13:39:09.070 WARN  (coreLoadExecutor-13-thread-2) [   x:twitter_core] o.a.s.s.AbstractSpatialPrefixTreeFieldType FieldType SpatialRecursivePrefixTreeFieldType does not allow termOffsets to be specified in schema, hardcoded behavior is termOffsets=false
2022-04-08 13:39:09.070 WARN  (coreLoadExecutor-13-thread-2) [   x:twitter_core] o.a.s.s.AbstractSpatialPrefixTreeFieldType FieldType SpatialRecursivePrefixTreeFieldType does not allow termPositions to be specified in schema, hardcoded behavior is termPositions=false
2022-04-08 13:39:09.070 WARN  (coreLoadExecutor-13-thread-2) [   x:twitter_core] o.a.s.s.AbstractSpatialPrefixTreeFieldType FieldType SpatialRecursivePrefixTreeFieldType does not allow omitPositions to be specified in schema, hardcoded behavior is omitPositions=true
2022-04-08 13:39:09.169 INFO  (coreLoadExecutor-13-thread-2) [   x:twitter_core] o.a.s.s.IndexSchema Loaded schema default-config/1.6 with uniqueid field id
2022-04-08 13:39:09.275 INFO  (coreLoadExecutor-13-thread-2) [   x:twitter_core] o.a.s.c.CoreContainer Creating SolrCore 'twitter_core' using configuration from instancedir C:\Users\rajes\OneDrive\Desktop\CZ4034 Project\CZ4034-Information-Retrieval\solr-8.11.1\server\solr\twitter_core, trusted=true
2022-04-08 13:39:09.275 INFO  (coreLoadExecutor-13-thread-2) [   x:twitter_core] o.a.s.m.r.SolrJmxReporter JMX monitoring for 'solr.core.twitter_core' (registry 'solr.core.twitter_core') enabled at server: com.sun.jmx.mbeanserver.JmxMBeanServer@72c8e7b
2022-04-08 13:39:09.276 INFO  (coreLoadExecutor-13-thread-2) [   x:twitter_core] o.a.s.c.SolrCore [[twitter_core] ] Opening new SolrCore at [C:\Users\rajes\OneDrive\Desktop\CZ4034 Project\CZ4034-Information-Retrieval\solr-8.11.1\server\solr\twitter_core], dataDir=[C:\Users\rajes\OneDrive\Desktop\CZ4034 Project\CZ4034-Information-Retrieval\solr-8.11.1\server\solr\twitter_core\data\]
2022-04-08 13:39:09.360 INFO  (coreLoadExecutor-13-thread-2) [   x:twitter_core] o.a.s.u.UpdateHandler Using UpdateLog implementation: org.apache.solr.update.UpdateLog
2022-04-08 13:39:09.360 INFO  (coreLoadExecutor-13-thread-2) [   x:twitter_core] o.a.s.u.UpdateLog Initializing UpdateLog: dataDir= defaultSyncLevel=FLUSH numRecordsToKeep=100 maxNumLogsToKeep=10 numVersionBuckets=65536
2022-04-08 13:39:09.364 INFO  (coreLoadExecutor-13-thread-2) [   x:twitter_core] o.a.s.u.CommitTracker Hard AutoCommit: if uncommitted for 15000ms; 
2022-04-08 13:39:09.364 INFO  (coreLoadExecutor-13-thread-2) [   x:twitter_core] o.a.s.u.CommitTracker Soft AutoCommit: disabled
2022-04-08 13:39:09.380 INFO  (coreLoadExecutor-13-thread-2) [   x:twitter_core] o.a.s.r.ManagedResourceStorage File-based storage initialized to use dir: C:\Users\rajes\OneDrive\Desktop\CZ4034 Project\CZ4034-Information-Retrieval\solr-8.11.1\server\solr\twitter_core\conf
2022-04-08 13:39:09.381 INFO  (coreLoadExecutor-13-thread-2) [   x:twitter_core] o.a.s.h.c.SpellCheckComponent Initializing spell checkers
2022-04-08 13:39:09.381 INFO  (coreLoadExecutor-13-thread-2) [   x:twitter_core] o.a.s.s.DirectSolrSpellChecker init: {name=direct,field=text,classname=solr.DirectSolrSpellChecker,distanceMeasure=org.apache.lucene.search.spell.LevenshteinDistance,accuracy=0.5,maxQueryFrequency=0.01,maxEdits=2,minPrefix=1,maxInspections=5,minQueryLength=4}
2022-04-08 13:39:09.386 INFO  (coreLoadExecutor-13-thread-2) [   x:twitter_core] o.a.s.h.c.SpellCheckComponent Registering newSearcher listener for spellchecker: filebased
2022-04-08 13:39:09.387 INFO  (coreLoadExecutor-13-thread-2) [   x:twitter_core] o.a.s.h.ReplicationHandler Commits will be reserved for 10000 ms
2022-04-08 13:39:09.391 INFO  (searcherExecutor-33-thread-1-processing-x:twitter_core) [   x:twitter_core] o.a.s.c.QuerySenderListener QuerySenderListener done.
2022-04-08 13:39:09.391 INFO  (searcherExecutor-33-thread-1-processing-x:twitter_core) [   x:twitter_core] o.a.s.h.c.SpellCheckComponent Loading spell index for spellchecker: direct
2022-04-08 13:39:09.391 INFO  (searcherExecutor-33-thread-1-processing-x:twitter_core) [   x:twitter_core] o.a.s.h.c.SpellCheckComponent Loading spell index for spellchecker: filebased
2022-04-08 13:39:09.397 INFO  (searcherExecutor-33-thread-1-processing-x:twitter_core) [   x:twitter_core] o.a.s.c.SolrCore [twitter_core]  Registered new searcher autowarm time: 0 ms
2022-04-08 13:39:11.676 INFO  (qtp1306246648-26) [   ] o.a.s.s.HttpSolrCall [admin] webapp=null path=/admin/info/system params={wt=json} status=0 QTime=105
2022-04-08 13:39:23.933 INFO  (qtp1306246648-27) [   ] o.a.s.s.HttpSolrCall [admin] webapp=null path=/admin/cores params={indexInfo=false&wt=json&_=1649425163750} status=0 QTime=1
2022-04-08 13:39:24.068 INFO  (qtp1306246648-22) [   ] o.a.s.s.HttpSolrCall [admin] webapp=null path=/admin/info/system params={wt=json&_=1649425163753} status=0 QTime=137
2022-04-08 13:39:24.246 INFO  (qtp1306246648-21) [   ] o.a.s.s.HttpSolrCall [admin] webapp=null path=/admin/info/system params={wt=json&_=1649425163753} status=0 QTime=167
2022-04-08 13:39:28.957 INFO  (qtp1306246648-21) [   ] o.a.s.s.HttpSolrCall [admin] webapp=null path=/admin/cores params={indexInfo=false&wt=json&_=1649425163750} status=0 QTime=2
2022-04-08 13:39:28.975 INFO  (qtp1306246648-21) [   x:reddit_post_core] o.a.s.c.S.Request [reddit_post_core]  webapp=/solr path=/admin/ping params={action=status&wt=json&_=1649425163753&ts=1649425163753} status=503 QTime=5
2022-04-08 13:39:28.980 INFO  (qtp1306246648-20) [   x:reddit_post_core] o.a.s.c.S.Request [reddit_post_core]  webapp=/solr path=/replication params={wt=json&command=details&_=1649425168945} status=0 QTime=14
2022-04-08 13:39:28.985 INFO  (qtp1306246648-52) [   x:reddit_post_core] o.a.s.c.S.Request [reddit_post_core]  webapp=/solr path=/admin/luke params={numTerms=0&show=index&wt=json&_=1649425168945} status=0 QTime=18
2022-04-08 13:39:29.203 INFO  (qtp1306246648-27) [   ] o.a.s.s.HttpSolrCall [admin] webapp=null path=/admin/info/system params={wt=json&_=1649425163753} status=0 QTime=236
2022-04-08 13:39:29.209 INFO  (qtp1306246648-25) [   x:reddit_post_core] o.a.s.c.S.Request [reddit_post_core]  webapp=/solr path=/admin/system params={wt=json&_=1649425168945} status=0 QTime=242
2022-04-08 13:39:47.445 INFO  (qtp1306246648-25) [   ] o.a.s.s.HttpSolrCall [admin] webapp=null path=/admin/cores params={indexInfo=false&wt=json&_=1649425163750} status=0 QTime=0
2022-04-08 13:39:47.446 INFO  (qtp1306246648-19) [   x:reddit_comment_core] o.a.s.c.S.Request [reddit_comment_core]  webapp=/solr path=/admin/ping params={action=status&wt=json&_=1649425163753&ts=1649425163753} status=503 QTime=0
2022-04-08 13:39:47.451 INFO  (qtp1306246648-20) [   x:reddit_comment_core] o.a.s.c.S.Request [reddit_comment_core]  webapp=/solr path=/admin/luke params={numTerms=0&show=index&wt=json&_=1649425168945} status=0 QTime=6
2022-04-08 13:39:47.451 INFO  (qtp1306246648-52) [   x:reddit_comment_core] o.a.s.c.S.Request [reddit_comment_core]  webapp=/solr path=/replication params={wt=json&command=details&_=1649425168945} status=0 QTime=4
2022-04-08 13:39:47.646 INFO  (qtp1306246648-21) [   ] o.a.s.s.HttpSolrCall [admin] webapp=null path=/admin/info/system params={wt=json&_=1649425163753} status=0 QTime=200
2022-04-08 13:39:47.668 INFO  (qtp1306246648-27) [   x:reddit_comment_core] o.a.s.c.S.Request [reddit_comment_core]  webapp=/solr path=/admin/system params={wt=json&_=1649425168945} status=0 QTime=223
2022-04-08 13:39:50.349 INFO  (qtp1306246648-22) [   ] o.a.s.s.HttpSolrCall [admin] webapp=null path=/admin/cores params={indexInfo=false&wt=json&_=1649425163750} status=0 QTime=0
2022-04-08 13:39:50.351 INFO  (qtp1306246648-28) [   x:twitter_core] o.a.s.c.S.Request [twitter_core]  webapp=/solr path=/admin/luke params={numTerms=0&show=index&wt=json&_=1649425168945} status=0 QTime=1
2022-04-08 13:39:50.356 INFO  (qtp1306246648-19) [   x:twitter_core] o.a.s.c.S.Request [twitter_core]  webapp=/solr path=/admin/ping params={action=status&wt=json&_=1649425163753&ts=1649425163753} status=503 QTime=1
2022-04-08 13:39:50.361 INFO  (qtp1306246648-26) [   x:twitter_core] o.a.s.c.S.Request [twitter_core]  webapp=/solr path=/replication params={wt=json&command=details&_=1649425168945} status=0 QTime=11
2022-04-08 13:39:50.563 INFO  (qtp1306246648-25) [   x:twitter_core] o.a.s.c.S.Request [twitter_core]  webapp=/solr path=/admin/system params={wt=json&_=1649425168945} status=0 QTime=212
2022-04-08 13:39:50.568 INFO  (qtp1306246648-27) [   ] o.a.s.s.HttpSolrCall [admin] webapp=null path=/admin/info/system params={wt=json&_=1649425163753} status=0 QTime=219
2022-04-08 13:39:50.598 INFO  (qtp1306246648-27) [   ] o.a.s.s.HttpSolrCall [admin] webapp=null path=/admin/cores params={indexInfo=false&wt=json&_=1649425163750} status=0 QTime=0
2022-04-08 13:39:50.604 INFO  (qtp1306246648-20) [   x:twitter_core] o.a.s.c.S.Request [twitter_core]  webapp=/solr path=/admin/file params={wt=json&_=1649425190591} status=0 QTime=4
2022-04-08 13:39:50.651 INFO  (qtp1306246648-26) [   x:twitter_core] o.a.s.c.S.Request [twitter_core]  webapp=/solr path=/admin/file params={file=lang&wt=json&_=1649425190591} status=0 QTime=19
2022-04-08 13:39:50.750 INFO  (qtp1306246648-28) [   ] o.a.s.s.HttpSolrCall [admin] webapp=null path=/admin/info/system params={wt=json&_=1649425163753} status=0 QTime=152
2022-04-08 13:39:55.083 INFO  (qtp1306246648-19) [   ] o.a.s.s.HttpSolrCall [admin] webapp=null path=/admin/cores params={indexInfo=false&wt=json&_=1649425163750} status=0 QTime=0
2022-04-08 13:39:55.088 INFO  (qtp1306246648-22) [   x:twitter_core] o.a.s.c.S.Request [twitter_core]  webapp=/solr path=/admin/luke params={numTerms=0&show=index&wt=json&_=1649425168945} status=0 QTime=1
2022-04-08 13:39:55.096 INFO  (qtp1306246648-21) [   x:twitter_core] o.a.s.c.S.Request [twitter_core]  webapp=/solr path=/replication params={wt=json&command=details&_=1649425168945} status=0 QTime=5
2022-04-08 13:39:55.097 INFO  (qtp1306246648-25) [   x:twitter_core] o.a.s.c.S.Request [twitter_core]  webapp=/solr path=/admin/ping params={action=status&wt=json&_=1649425163753&ts=1649425163753} status=503 QTime=0
2022-04-08 13:39:55.278 INFO  (qtp1306246648-52) [   ] o.a.s.s.HttpSolrCall [admin] webapp=null path=/admin/info/system params={wt=json&_=1649425163753} status=0 QTime=193
2022-04-08 13:39:55.290 INFO  (qtp1306246648-27) [   x:twitter_core] o.a.s.c.S.Request [twitter_core]  webapp=/solr path=/admin/system params={wt=json&_=1649425168945} status=0 QTime=193
