2022-02-27 09:10:59.752 INFO  (main) [   ] o.e.j.u.log Logging initialized @1433ms to org.eclipse.jetty.util.log.Slf4jLog
2022-02-27 09:11:00.141 INFO  (main) [   ] o.e.j.s.Server jetty-9.4.44.v20210927; built: 2021-09-27T23:02:44.612Z; git: 8da83308eeca865e495e53ef315a249d63ba9332; jvm 17.0.2+8-LTS-86
2022-02-27 09:11:00.155 INFO  (main) [   ] o.e.j.d.p.ScanningAppProvider Deployment monitor [file:///C:/Users/Mitali/solr-8.11.1/solr-8.11.1/server/contexts/] at interval 0
2022-02-27 09:11:00.725 INFO  (main) [   ] o.e.j.w.StandardDescriptorProcessor NO JSP Support for /solr, did not find org.apache.jasper.servlet.JspServlet
2022-02-27 09:11:00.737 INFO  (main) [   ] o.e.j.s.session DefaultSessionIdManager workerName=node0
2022-02-27 09:11:00.737 INFO  (main) [   ] o.e.j.s.session No SessionScavenger set, using defaults
2022-02-27 09:11:00.739 INFO  (main) [   ] o.e.j.s.session node0 Scavenging every 600000ms
2022-02-27 09:11:00.801 INFO  (main) [   ] o.a.s.s.SolrDispatchFilter Using logger factory org.apache.logging.slf4j.Log4jLoggerFactory
2022-02-27 09:11:00.805 INFO  (main) [   ] o.a.s.s.SolrDispatchFilter  ___      _       Welcome to Apache Solr™ version 8.11.1
2022-02-27 09:11:00.805 INFO  (main) [   ] o.a.s.s.SolrDispatchFilter / __| ___| |_ _   Starting in cloud mode on port 7574
2022-02-27 09:11:00.806 INFO  (main) [   ] o.a.s.s.SolrDispatchFilter \__ \/ _ \ | '_|  Install dir: C:\Users\Mitali\solr-8.11.1\solr-8.11.1
2022-02-27 09:11:00.806 INFO  (main) [   ] o.a.s.s.SolrDispatchFilter |___/\___/_|_|    Start time: 2022-02-27T09:11:00.806065800Z
2022-02-27 09:11:00.814 INFO  (main) [   ] o.a.s.c.SolrPaths Using system property solr.solr.home: C:\Users\Mitali\solr-8.11.1\solr-8.11.1\example\cloud\node2\solr
2022-02-27 09:11:00.937 INFO  (main) [   ] o.a.s.c.c.ConnectionManager Waiting for client to connect to ZooKeeper
2022-02-27 09:11:00.964 INFO  (zkConnectionManagerCallback-2-thread-1) [   ] o.a.s.c.c.ConnectionManager zkClient has connected
2022-02-27 09:11:00.964 INFO  (main) [   ] o.a.s.c.c.ConnectionManager Client is connected to ZooKeeper
2022-02-27 09:11:01.092 INFO  (main) [   ] o.a.s.s.SolrDispatchFilter Loading solr.xml from SolrHome (not found in ZooKeeper)
2022-02-27 09:11:01.094 INFO  (main) [   ] o.a.s.c.SolrXmlConfig Loading container configuration from C:\Users\Mitali\solr-8.11.1\solr-8.11.1\example\cloud\node2\solr\solr.xml
2022-02-27 09:11:01.257 INFO  (main) [   ] o.a.s.c.SolrXmlConfig MBean server found: com.sun.jmx.mbeanserver.JmxMBeanServer@30f842ca, but no JMX reporters were configured - adding default JMX reporter.
2022-02-27 09:11:01.953 INFO  (main) [   ] o.a.s.h.c.HttpShardHandlerFactory Host whitelist initialized: WhitelistHostChecker [whitelistHosts=null, whitelistHostCheckingEnabled=true]
2022-02-27 09:11:02.135 WARN  (main) [   ] o.e.j.u.s.S.config Trusting all certificates configured for Client@10358c32[provider=null,keyStore=null,trustStore=null]
2022-02-27 09:11:02.136 WARN  (main) [   ] o.e.j.u.s.S.config No Client EndPointIdentificationAlgorithm configured for Client@10358c32[provider=null,keyStore=null,trustStore=null]
2022-02-27 09:11:02.344 WARN  (main) [   ] o.e.j.u.s.S.config Trusting all certificates configured for Client@bc042d5[provider=null,keyStore=null,trustStore=null]
2022-02-27 09:11:02.344 WARN  (main) [   ] o.e.j.u.s.S.config No Client EndPointIdentificationAlgorithm configured for Client@bc042d5[provider=null,keyStore=null,trustStore=null]
2022-02-27 09:11:02.397 INFO  (main) [   ] o.a.s.c.ZkContainer Zookeeper client=localhost:9983
2022-02-27 09:11:02.416 INFO  (main) [   ] o.a.s.c.c.ConnectionManager Waiting for client to connect to ZooKeeper
2022-02-27 09:11:02.423 INFO  (zkConnectionManagerCallback-13-thread-1) [   ] o.a.s.c.c.ConnectionManager zkClient has connected
2022-02-27 09:11:02.423 INFO  (main) [   ] o.a.s.c.c.ConnectionManager Client is connected to ZooKeeper
2022-02-27 09:11:02.468 WARN  (main) [   ] o.a.s.c.ZkController Contents of zookeeper /security.json are world-readable; consider setting up ACLs as described in https://solr.apache.org/guide/zookeeper-access-control.html
2022-02-27 09:11:02.491 INFO  (main) [   ] o.a.s.c.c.ZkStateReader Updated live nodes from ZooKeeper... (0) -> (1)
2022-02-27 09:11:02.588 INFO  (main) [   ] o.a.s.c.ZkController Publish node=10.27.39.74:7574_solr as DOWN
2022-02-27 09:11:02.609 INFO  (main) [   ] o.a.s.c.TransientSolrCoreCacheDefault Allocating transient core cache for max 2147483647 cores with initial capacity of 1024
2022-02-27 09:11:02.637 INFO  (main) [   ] o.a.s.c.ZkController Register node as live in ZooKeeper:/live_nodes/10.27.39.74:7574_solr
2022-02-27 09:11:02.670 INFO  (zkCallback-12-thread-1) [   ] o.a.s.c.c.ZkStateReader Updated live nodes from ZooKeeper... (1) -> (2)
2022-02-27 09:11:02.744 INFO  (main) [   ] o.a.s.p.PackageLoader /packages.json updated to version -1
2022-02-27 09:11:02.772 WARN  (main) [   ] o.a.s.c.CoreContainer Not all security plugins configured!  authentication=disabled authorization=disabled.  Solr is only as secure as you make it. Consider configuring authentication/authorization before exposing Solr to users internal or external.  See https://s.apache.org/solrsecurity for more info
2022-02-27 09:11:03.071 INFO  (main) [   ] o.a.s.h.a.MetricsHistoryHandler No .system collection, keeping metrics history in memory.
2022-02-27 09:11:03.158 INFO  (main) [   ] o.a.s.m.r.SolrJmxReporter JMX monitoring for 'solr.node' (registry 'solr.node') enabled at server: com.sun.jmx.mbeanserver.JmxMBeanServer@30f842ca
2022-02-27 09:11:03.159 INFO  (main) [   ] o.a.s.m.r.SolrJmxReporter JMX monitoring for 'solr.jvm' (registry 'solr.jvm') enabled at server: com.sun.jmx.mbeanserver.JmxMBeanServer@30f842ca
2022-02-27 09:11:03.160 INFO  (main) [   ] o.a.s.m.r.SolrJmxReporter JMX monitoring for 'solr.jetty' (registry 'solr.jetty') enabled at server: com.sun.jmx.mbeanserver.JmxMBeanServer@30f842ca
2022-02-27 09:11:03.207 INFO  (main) [   ] o.a.s.c.CorePropertiesLocator Found 0 core definitions underneath C:\Users\Mitali\solr-8.11.1\solr-8.11.1\example\cloud\node2\solr
2022-02-27 09:11:03.519 INFO  (main) [   ] o.e.j.s.h.ContextHandler Started o.e.j.w.WebAppContext@4b85880b{/solr,file:///C:/Users/Mitali/solr-8.11.1/solr-8.11.1/server/solr-webapp/webapp/,AVAILABLE}{C:\Users\Mitali\solr-8.11.1\solr-8.11.1\server/solr-webapp/webapp}
2022-02-27 09:11:03.544 INFO  (main) [   ] o.e.j.s.AbstractConnector Started ServerConnector@78fbff54{HTTP/1.1, (http/1.1, h2c)}{0.0.0.0:7574}
2022-02-27 09:11:03.544 INFO  (main) [   ] o.e.j.s.Server Started @5226ms
2022-02-27 09:11:05.037 INFO  (qtp1866768727-59) [   ] o.a.s.s.HttpSolrCall [admin] webapp=null path=/admin/info/system params={wt=json} status=0 QTime=108
2022-02-27 09:11:05.056 INFO  (qtp1866768727-58) [   ] o.a.s.s.HttpSolrCall [admin] webapp=null path=/admin/info/system params={wt=json} status=0 QTime=128
2022-02-27 09:11:05.148 INFO  (qtp1866768727-30) [   ] o.a.s.s.HttpSolrCall [admin] webapp=null path=/admin/collections params={action=CLUSTERSTATUS&wt=json} status=0 QTime=4
2022-02-27 09:11:05.159 INFO  (qtp1866768727-29) [   ] o.a.s.s.HttpSolrCall [admin] webapp=null path=/admin/collections params={action=CLUSTERSTATUS&wt=json} status=0 QTime=2
2022-02-27 09:12:33.980 INFO  (qtp1866768727-57) [   x:techproducts_shard2_replica_n4] o.a.s.h.a.CoreAdminOperation core create command qt=/admin/cores&coreNodeName=core_node7&collection.configName=techproducts&newCollection=true&name=techproducts_shard2_replica_n4&action=CREATE&numShards=2&collection=techproducts&shard=shard2&wt=javabin&version=2&replicaType=NRT
2022-02-27 09:12:33.981 INFO  (qtp1866768727-33) [   x:techproducts_shard1_replica_n1] o.a.s.h.a.CoreAdminOperation core create command qt=/admin/cores&coreNodeName=core_node3&collection.configName=techproducts&newCollection=true&name=techproducts_shard1_replica_n1&action=CREATE&numShards=2&collection=techproducts&shard=shard1&wt=javabin&version=2&replicaType=NRT
2022-02-27 09:12:34.124 INFO  (qtp1866768727-33) [c:techproducts s:shard1 r:core_node3 x:techproducts_shard1_replica_n1] o.a.s.c.RequestParams conf resource params.json loaded . version : 0 
2022-02-27 09:12:34.124 INFO  (qtp1866768727-57) [c:techproducts s:shard2 r:core_node7 x:techproducts_shard2_replica_n4] o.a.s.c.RequestParams conf resource params.json loaded . version : 0 
2022-02-27 09:12:34.126 INFO  (qtp1866768727-57) [c:techproducts s:shard2 r:core_node7 x:techproducts_shard2_replica_n4] o.a.s.c.RequestParams request params refreshed to version 0
2022-02-27 09:12:34.126 INFO  (qtp1866768727-33) [c:techproducts s:shard1 r:core_node3 x:techproducts_shard1_replica_n1] o.a.s.c.RequestParams request params refreshed to version 0
2022-02-27 09:12:34.155 INFO  (qtp1866768727-57) [c:techproducts s:shard2 r:core_node7 x:techproducts_shard2_replica_n4] o.a.s.c.SolrResourceLoader Added 57 libs to classloader, from paths: [/C:/Users/Mitali/solr-8.11.1/solr-8.11.1/contrib/extraction/lib, /C:/Users/Mitali/solr-8.11.1/solr-8.11.1/contrib/langid/lib, /C:/Users/Mitali/solr-8.11.1/solr-8.11.1/contrib/velocity/lib, /C:/Users/Mitali/solr-8.11.1/solr-8.11.1/dist]
2022-02-27 09:12:34.155 INFO  (qtp1866768727-33) [c:techproducts s:shard1 r:core_node3 x:techproducts_shard1_replica_n1] o.a.s.c.SolrResourceLoader Added 57 libs to classloader, from paths: [/C:/Users/Mitali/solr-8.11.1/solr-8.11.1/contrib/extraction/lib, /C:/Users/Mitali/solr-8.11.1/solr-8.11.1/contrib/langid/lib, /C:/Users/Mitali/solr-8.11.1/solr-8.11.1/contrib/velocity/lib, /C:/Users/Mitali/solr-8.11.1/solr-8.11.1/dist]
2022-02-27 09:12:34.567 INFO  (qtp1866768727-33) [c:techproducts s:shard1 r:core_node3 x:techproducts_shard1_replica_n1] o.a.s.c.SolrConfig Using Lucene MatchVersion: 8.11.1
2022-02-27 09:12:34.568 INFO  (qtp1866768727-57) [c:techproducts s:shard2 r:core_node7 x:techproducts_shard2_replica_n4] o.a.s.c.SolrConfig Using Lucene MatchVersion: 8.11.1
2022-02-27 09:12:34.575 INFO  (qtp1866768727-33) [c:techproducts s:shard1 r:core_node3 x:techproducts_shard1_replica_n1] o.a.s.u.SolrIndexConfig IndexWriter infoStream solr logging is enabled
2022-02-27 09:12:34.575 INFO  (qtp1866768727-57) [c:techproducts s:shard2 r:core_node7 x:techproducts_shard2_replica_n4] o.a.s.u.SolrIndexConfig IndexWriter infoStream solr logging is enabled
2022-02-27 09:12:34.614 WARN  (qtp1866768727-57) [c:techproducts s:shard2 r:core_node7 x:techproducts_shard2_replica_n4] o.a.s.c.SolrConfig solrconfig.xml: <jmx> is no longer supported, use solr.xml:/metrics/reporter section instead
2022-02-27 09:12:34.614 WARN  (qtp1866768727-33) [c:techproducts s:shard1 r:core_node3 x:techproducts_shard1_replica_n1] o.a.s.c.SolrConfig solrconfig.xml: <jmx> is no longer supported, use solr.xml:/metrics/reporter section instead
2022-02-27 09:12:34.669 INFO  (qtp1866768727-33) [c:techproducts s:shard1 r:core_node3 x:techproducts_shard1_replica_n1] o.a.s.s.IndexSchema Schema name=example
2022-02-27 09:12:34.670 INFO  (qtp1866768727-57) [c:techproducts s:shard2 r:core_node7 x:techproducts_shard2_replica_n4] o.a.s.s.IndexSchema Schema name=example
2022-02-27 09:12:35.129 INFO  (qtp1866768727-57) [c:techproducts s:shard2 r:core_node7 x:techproducts_shard2_replica_n4] o.a.s.r.RestManager Registered ManagedResource impl org.apache.solr.rest.schema.analysis.ManagedWordSetResource for path /schema/analysis/stopwords/english
2022-02-27 09:12:35.129 INFO  (qtp1866768727-33) [c:techproducts s:shard1 r:core_node3 x:techproducts_shard1_replica_n1] o.a.s.r.RestManager Registered ManagedResource impl org.apache.solr.rest.schema.analysis.ManagedWordSetResource for path /schema/analysis/stopwords/english
2022-02-27 09:12:35.130 INFO  (qtp1866768727-57) [c:techproducts s:shard2 r:core_node7 x:techproducts_shard2_replica_n4] o.a.s.r.RestManager Registered ManagedResource impl org.apache.solr.rest.schema.analysis.ManagedSynonymGraphFilterFactory$SynonymManager for path /schema/analysis/synonyms/english
2022-02-27 09:12:35.130 INFO  (qtp1866768727-33) [c:techproducts s:shard1 r:core_node3 x:techproducts_shard1_replica_n1] o.a.s.r.RestManager Registered ManagedResource impl org.apache.solr.rest.schema.analysis.ManagedSynonymGraphFilterFactory$SynonymManager for path /schema/analysis/synonyms/english
2022-02-27 09:12:35.130 INFO  (qtp1866768727-33) [c:techproducts s:shard1 r:core_node3 x:techproducts_shard1_replica_n1] o.a.s.r.RestManager Added observer of type org.apache.solr.rest.schema.analysis.ManagedStopFilterFactory to existing ManagedResource /schema/analysis/stopwords/english
2022-02-27 09:12:35.130 INFO  (qtp1866768727-57) [c:techproducts s:shard2 r:core_node7 x:techproducts_shard2_replica_n4] o.a.s.r.RestManager Added observer of type org.apache.solr.rest.schema.analysis.ManagedStopFilterFactory to existing ManagedResource /schema/analysis/stopwords/english
2022-02-27 09:12:35.130 INFO  (qtp1866768727-33) [c:techproducts s:shard1 r:core_node3 x:techproducts_shard1_replica_n1] o.a.s.r.RestManager Added observer of type org.apache.solr.rest.schema.analysis.ManagedSynonymGraphFilterFactory to existing ManagedResource /schema/analysis/synonyms/english
2022-02-27 09:12:35.130 INFO  (qtp1866768727-57) [c:techproducts s:shard2 r:core_node7 x:techproducts_shard2_replica_n4] o.a.s.r.RestManager Added observer of type org.apache.solr.rest.schema.analysis.ManagedSynonymGraphFilterFactory to existing ManagedResource /schema/analysis/synonyms/english
2022-02-27 09:12:35.155 INFO  (qtp1866768727-57) [c:techproducts s:shard2 r:core_node7 x:techproducts_shard2_replica_n4] o.a.s.s.IndexSchema Loaded schema example/1.6 with uniqueid field id
2022-02-27 09:12:35.155 INFO  (qtp1866768727-33) [c:techproducts s:shard1 r:core_node3 x:techproducts_shard1_replica_n1] o.a.s.s.IndexSchema Loaded schema example/1.6 with uniqueid field id
2022-02-27 09:12:35.155 INFO  (qtp1866768727-57) [c:techproducts s:shard2 r:core_node7 x:techproducts_shard2_replica_n4] o.a.s.r.RestManager Added observer of type org.apache.solr.rest.schema.analysis.ManagedStopFilterFactory to existing ManagedResource /schema/analysis/stopwords/english
2022-02-27 09:12:35.155 INFO  (qtp1866768727-33) [c:techproducts s:shard1 r:core_node3 x:techproducts_shard1_replica_n1] o.a.s.r.RestManager Added observer of type org.apache.solr.rest.schema.analysis.ManagedStopFilterFactory to existing ManagedResource /schema/analysis/stopwords/english
2022-02-27 09:12:35.155 INFO  (qtp1866768727-57) [c:techproducts s:shard2 r:core_node7 x:techproducts_shard2_replica_n4] o.a.s.r.RestManager Added observer of type org.apache.solr.rest.schema.analysis.ManagedSynonymGraphFilterFactory to existing ManagedResource /schema/analysis/synonyms/english
2022-02-27 09:12:35.155 INFO  (qtp1866768727-33) [c:techproducts s:shard1 r:core_node3 x:techproducts_shard1_replica_n1] o.a.s.r.RestManager Added observer of type org.apache.solr.rest.schema.analysis.ManagedSynonymGraphFilterFactory to existing ManagedResource /schema/analysis/synonyms/english
2022-02-27 09:12:35.155 INFO  (qtp1866768727-57) [c:techproducts s:shard2 r:core_node7 x:techproducts_shard2_replica_n4] o.a.s.r.RestManager Added observer of type org.apache.solr.rest.schema.analysis.ManagedStopFilterFactory to existing ManagedResource /schema/analysis/stopwords/english
2022-02-27 09:12:35.155 INFO  (qtp1866768727-33) [c:techproducts s:shard1 r:core_node3 x:techproducts_shard1_replica_n1] o.a.s.r.RestManager Added observer of type org.apache.solr.rest.schema.analysis.ManagedStopFilterFactory to existing ManagedResource /schema/analysis/stopwords/english
2022-02-27 09:12:35.155 INFO  (qtp1866768727-57) [c:techproducts s:shard2 r:core_node7 x:techproducts_shard2_replica_n4] o.a.s.r.RestManager Added observer of type org.apache.solr.rest.schema.analysis.ManagedSynonymGraphFilterFactory to existing ManagedResource /schema/analysis/synonyms/english
2022-02-27 09:12:35.155 INFO  (qtp1866768727-33) [c:techproducts s:shard1 r:core_node3 x:techproducts_shard1_replica_n1] o.a.s.r.RestManager Added observer of type org.apache.solr.rest.schema.analysis.ManagedSynonymGraphFilterFactory to existing ManagedResource /schema/analysis/synonyms/english
2022-02-27 09:12:35.304 INFO  (qtp1866768727-33) [c:techproducts s:shard1 r:core_node3 x:techproducts_shard1_replica_n1] o.a.s.c.CoreContainer Creating SolrCore 'techproducts_shard1_replica_n1' using configuration from configset techproducts, trusted=true
2022-02-27 09:12:35.307 INFO  (qtp1866768727-57) [c:techproducts s:shard2 r:core_node7 x:techproducts_shard2_replica_n4] o.a.s.c.CoreContainer Creating SolrCore 'techproducts_shard2_replica_n4' using configuration from configset techproducts, trusted=true
2022-02-27 09:12:35.323 INFO  (qtp1866768727-57) [c:techproducts s:shard2 r:core_node7 x:techproducts_shard2_replica_n4] o.a.s.m.r.SolrJmxReporter JMX monitoring for 'solr.core.techproducts.shard2.replica_n4' (registry 'solr.core.techproducts.shard2.replica_n4') enabled at server: com.sun.jmx.mbeanserver.JmxMBeanServer@30f842ca
2022-02-27 09:12:35.323 INFO  (qtp1866768727-33) [c:techproducts s:shard1 r:core_node3 x:techproducts_shard1_replica_n1] o.a.s.m.r.SolrJmxReporter JMX monitoring for 'solr.core.techproducts.shard1.replica_n1' (registry 'solr.core.techproducts.shard1.replica_n1') enabled at server: com.sun.jmx.mbeanserver.JmxMBeanServer@30f842ca
2022-02-27 09:12:35.343 INFO  (qtp1866768727-33) [c:techproducts s:shard1 r:core_node3 x:techproducts_shard1_replica_n1] o.a.s.c.SolrCore [[techproducts_shard1_replica_n1] ] Opening new SolrCore at [C:\Users\Mitali\solr-8.11.1\solr-8.11.1\example\cloud\node2\solr\techproducts_shard1_replica_n1], dataDir=[C:\Users\Mitali\solr-8.11.1\solr-8.11.1\example\cloud\node2\solr\techproducts_shard1_replica_n1\data\]
2022-02-27 09:12:35.343 INFO  (qtp1866768727-57) [c:techproducts s:shard2 r:core_node7 x:techproducts_shard2_replica_n4] o.a.s.c.SolrCore [[techproducts_shard2_replica_n4] ] Opening new SolrCore at [C:\Users\Mitali\solr-8.11.1\solr-8.11.1\example\cloud\node2\solr\techproducts_shard2_replica_n4], dataDir=[C:\Users\Mitali\solr-8.11.1\solr-8.11.1\example\cloud\node2\solr\techproducts_shard2_replica_n4\data\]
2022-02-27 09:12:35.463 INFO  (qtp1866768727-33) [c:techproducts s:shard1 r:core_node3 x:techproducts_shard1_replica_n1] o.a.s.r.XSLTResponseWriter xsltCacheLifetimeSeconds=5
2022-02-27 09:12:35.463 INFO  (qtp1866768727-57) [c:techproducts s:shard2 r:core_node7 x:techproducts_shard2_replica_n4] o.a.s.r.XSLTResponseWriter xsltCacheLifetimeSeconds=5
2022-02-27 09:12:36.146 INFO  (qtp1866768727-57) [c:techproducts s:shard2 r:core_node7 x:techproducts_shard2_replica_n4] o.a.s.u.UpdateHandler Using UpdateLog implementation: org.apache.solr.update.UpdateLog
2022-02-27 09:12:36.146 INFO  (qtp1866768727-33) [c:techproducts s:shard1 r:core_node3 x:techproducts_shard1_replica_n1] o.a.s.u.UpdateHandler Using UpdateLog implementation: org.apache.solr.update.UpdateLog
2022-02-27 09:12:36.146 INFO  (qtp1866768727-33) [c:techproducts s:shard1 r:core_node3 x:techproducts_shard1_replica_n1] o.a.s.u.UpdateLog Initializing UpdateLog: dataDir= defaultSyncLevel=FLUSH numRecordsToKeep=100 maxNumLogsToKeep=10 numVersionBuckets=65536
2022-02-27 09:12:36.146 INFO  (qtp1866768727-57) [c:techproducts s:shard2 r:core_node7 x:techproducts_shard2_replica_n4] o.a.s.u.UpdateLog Initializing UpdateLog: dataDir= defaultSyncLevel=FLUSH numRecordsToKeep=100 maxNumLogsToKeep=10 numVersionBuckets=65536
2022-02-27 09:12:36.159 INFO  (qtp1866768727-57) [c:techproducts s:shard2 r:core_node7 x:techproducts_shard2_replica_n4] o.a.s.u.CommitTracker Hard AutoCommit: if uncommitted for 15000ms; 
2022-02-27 09:12:36.159 INFO  (qtp1866768727-33) [c:techproducts s:shard1 r:core_node3 x:techproducts_shard1_replica_n1] o.a.s.u.CommitTracker Hard AutoCommit: if uncommitted for 15000ms; 
2022-02-27 09:12:36.159 INFO  (qtp1866768727-33) [c:techproducts s:shard1 r:core_node3 x:techproducts_shard1_replica_n1] o.a.s.u.CommitTracker Soft AutoCommit: disabled
2022-02-27 09:12:36.159 INFO  (qtp1866768727-57) [c:techproducts s:shard2 r:core_node7 x:techproducts_shard2_replica_n4] o.a.s.u.CommitTracker Soft AutoCommit: disabled
2022-02-27 09:12:36.232 INFO  (qtp1866768727-33) [c:techproducts s:shard1 r:core_node3 x:techproducts_shard1_replica_n1] o.a.s.r.ManagedResourceStorage Configured ZooKeeperStorageIO with znodeBase: /configs/techproducts
2022-02-27 09:12:36.232 INFO  (qtp1866768727-57) [c:techproducts s:shard2 r:core_node7 x:techproducts_shard2_replica_n4] o.a.s.r.ManagedResourceStorage Configured ZooKeeperStorageIO with znodeBase: /configs/techproducts
2022-02-27 09:12:36.236 INFO  (qtp1866768727-33) [c:techproducts s:shard1 r:core_node3 x:techproducts_shard1_replica_n1] o.a.s.r.ManagedResourceStorage Loaded LinkedHashMap at path _rest_managed.json using ZooKeeperStorageIO:path=/configs/techproducts
2022-02-27 09:12:36.236 INFO  (qtp1866768727-57) [c:techproducts s:shard2 r:core_node7 x:techproducts_shard2_replica_n4] o.a.s.r.ManagedResourceStorage Loaded LinkedHashMap at path _rest_managed.json using ZooKeeperStorageIO:path=/configs/techproducts
2022-02-27 09:12:36.236 INFO  (qtp1866768727-57) [c:techproducts s:shard2 r:core_node7 x:techproducts_shard2_replica_n4] o.a.s.r.ManagedResource Loaded initArgs {} for /rest/managed
2022-02-27 09:12:36.236 INFO  (qtp1866768727-33) [c:techproducts s:shard1 r:core_node3 x:techproducts_shard1_replica_n1] o.a.s.r.ManagedResource Loaded initArgs {} for /rest/managed
2022-02-27 09:12:36.238 INFO  (qtp1866768727-33) [c:techproducts s:shard1 r:core_node3 x:techproducts_shard1_replica_n1] o.a.s.r.ManagedResourceStorage Loaded LinkedHashMap at path _schema_analysis_stopwords_english.json using ZooKeeperStorageIO:path=/configs/techproducts
2022-02-27 09:12:36.238 INFO  (qtp1866768727-57) [c:techproducts s:shard2 r:core_node7 x:techproducts_shard2_replica_n4] o.a.s.r.ManagedResourceStorage Loaded LinkedHashMap at path _schema_analysis_stopwords_english.json using ZooKeeperStorageIO:path=/configs/techproducts
2022-02-27 09:12:36.238 INFO  (qtp1866768727-33) [c:techproducts s:shard1 r:core_node3 x:techproducts_shard1_replica_n1] o.a.s.r.ManagedResource Loaded initArgs {ignoreCase=true} for /schema/analysis/stopwords/english
2022-02-27 09:12:36.239 INFO  (qtp1866768727-57) [c:techproducts s:shard2 r:core_node7 x:techproducts_shard2_replica_n4] o.a.s.r.ManagedResource Loaded initArgs {ignoreCase=true} for /schema/analysis/stopwords/english
2022-02-27 09:12:36.239 INFO  (qtp1866768727-33) [c:techproducts s:shard1 r:core_node3 x:techproducts_shard1_replica_n1] o.a.s.r.s.a.ManagedWordSetResource Loaded 35 words for /schema/analysis/stopwords/english
2022-02-27 09:12:36.239 INFO  (qtp1866768727-57) [c:techproducts s:shard2 r:core_node7 x:techproducts_shard2_replica_n4] o.a.s.r.s.a.ManagedWordSetResource Loaded 35 words for /schema/analysis/stopwords/english
2022-02-27 09:12:36.239 INFO  (qtp1866768727-57) [c:techproducts s:shard2 r:core_node7 x:techproducts_shard2_replica_n4] o.a.s.r.ManagedResource Notified 2 observers of /schema/analysis/stopwords/english
2022-02-27 09:12:36.239 INFO  (qtp1866768727-33) [c:techproducts s:shard1 r:core_node3 x:techproducts_shard1_replica_n1] o.a.s.r.ManagedResource Notified 2 observers of /schema/analysis/stopwords/english
2022-02-27 09:12:36.241 INFO  (qtp1866768727-57) [c:techproducts s:shard2 r:core_node7 x:techproducts_shard2_replica_n4] o.a.s.r.ManagedResourceStorage Loaded LinkedHashMap at path _schema_analysis_synonyms_english.json using ZooKeeperStorageIO:path=/configs/techproducts
2022-02-27 09:12:36.241 INFO  (qtp1866768727-57) [c:techproducts s:shard2 r:core_node7 x:techproducts_shard2_replica_n4] o.a.s.r.ManagedResource Loaded initArgs {ignoreCase=true,format=solr} for /schema/analysis/synonyms/english
2022-02-27 09:12:36.242 INFO  (qtp1866768727-33) [c:techproducts s:shard1 r:core_node3 x:techproducts_shard1_replica_n1] o.a.s.r.ManagedResourceStorage Loaded LinkedHashMap at path _schema_analysis_synonyms_english.json using ZooKeeperStorageIO:path=/configs/techproducts
2022-02-27 09:12:36.242 INFO  (qtp1866768727-33) [c:techproducts s:shard1 r:core_node3 x:techproducts_shard1_replica_n1] o.a.s.r.ManagedResource Loaded initArgs {ignoreCase=true,format=solr} for /schema/analysis/synonyms/english
2022-02-27 09:12:36.242 INFO  (qtp1866768727-57) [c:techproducts s:shard2 r:core_node7 x:techproducts_shard2_replica_n4] o.a.s.r.s.a.ManagedSynonymGraphFilterFactory Loaded 3 synonym mappings for /schema/analysis/synonyms/english
2022-02-27 09:12:36.243 INFO  (qtp1866768727-33) [c:techproducts s:shard1 r:core_node3 x:techproducts_shard1_replica_n1] o.a.s.r.s.a.ManagedSynonymGraphFilterFactory Loaded 3 synonym mappings for /schema/analysis/synonyms/english
2022-02-27 09:12:36.245 INFO  (qtp1866768727-57) [c:techproducts s:shard2 r:core_node7 x:techproducts_shard2_replica_n4] o.a.s.r.ManagedResource Notified 2 observers of /schema/analysis/synonyms/english
2022-02-27 09:12:36.245 INFO  (qtp1866768727-33) [c:techproducts s:shard1 r:core_node3 x:techproducts_shard1_replica_n1] o.a.s.r.ManagedResource Notified 2 observers of /schema/analysis/synonyms/english
2022-02-27 09:12:36.248 INFO  (qtp1866768727-57) [c:techproducts s:shard2 r:core_node7 x:techproducts_shard2_replica_n4] o.a.s.s.ZkIndexSchemaReader Creating ZooKeeper watch for the managed schema at /configs/techproducts/managed-schema
2022-02-27 09:12:36.248 INFO  (qtp1866768727-33) [c:techproducts s:shard1 r:core_node3 x:techproducts_shard1_replica_n1] o.a.s.s.ZkIndexSchemaReader Creating ZooKeeper watch for the managed schema at /configs/techproducts/managed-schema
2022-02-27 09:12:36.250 INFO  (qtp1866768727-57) [c:techproducts s:shard2 r:core_node7 x:techproducts_shard2_replica_n4] o.a.s.s.ZkIndexSchemaReader Current schema version 0 is already the latest
2022-02-27 09:12:36.250 INFO  (qtp1866768727-33) [c:techproducts s:shard1 r:core_node3 x:techproducts_shard1_replica_n1] o.a.s.s.ZkIndexSchemaReader Current schema version 0 is already the latest
2022-02-27 09:12:36.264 INFO  (qtp1866768727-57) [c:techproducts s:shard2 r:core_node7 x:techproducts_shard2_replica_n4] o.a.s.h.c.SpellCheckComponent Initializing spell checkers
2022-02-27 09:12:36.264 INFO  (qtp1866768727-33) [c:techproducts s:shard1 r:core_node3 x:techproducts_shard1_replica_n1] o.a.s.h.c.SpellCheckComponent Initializing spell checkers
2022-02-27 09:12:36.274 INFO  (qtp1866768727-57) [c:techproducts s:shard2 r:core_node7 x:techproducts_shard2_replica_n4] o.a.s.s.DirectSolrSpellChecker init: {name=default,field=text,classname=solr.DirectSolrSpellChecker,distanceMeasure=internal,accuracy=0.5,maxQueryFrequency=0.01,maxEdits=2,minPrefix=1,maxInspections=5,minQueryLength=4}
2022-02-27 09:12:36.275 INFO  (qtp1866768727-33) [c:techproducts s:shard1 r:core_node3 x:techproducts_shard1_replica_n1] o.a.s.s.DirectSolrSpellChecker init: {name=default,field=text,classname=solr.DirectSolrSpellChecker,distanceMeasure=internal,accuracy=0.5,maxQueryFrequency=0.01,maxEdits=2,minPrefix=1,maxInspections=5,minQueryLength=4}
2022-02-27 09:12:36.288 INFO  (qtp1866768727-33) [c:techproducts s:shard1 r:core_node3 x:techproducts_shard1_replica_n1] o.a.s.h.c.SuggestComponent Initializing SuggestComponent
2022-02-27 09:12:36.288 INFO  (qtp1866768727-57) [c:techproducts s:shard2 r:core_node7 x:techproducts_shard2_replica_n4] o.a.s.h.c.SuggestComponent Initializing SuggestComponent
2022-02-27 09:12:36.292 INFO  (qtp1866768727-57) [c:techproducts s:shard2 r:core_node7 x:techproducts_shard2_replica_n4] o.a.s.s.s.SolrSuggester init: {name=mySuggester,lookupImpl=FuzzyLookupFactory,dictionaryImpl=DocumentDictionaryFactory,field=cat,weightField=price,suggestAnalyzerFieldType=string,buildOnStartup=false}
2022-02-27 09:12:36.292 INFO  (qtp1866768727-33) [c:techproducts s:shard1 r:core_node3 x:techproducts_shard1_replica_n1] o.a.s.s.s.SolrSuggester init: {name=mySuggester,lookupImpl=FuzzyLookupFactory,dictionaryImpl=DocumentDictionaryFactory,field=cat,weightField=price,suggestAnalyzerFieldType=string,buildOnStartup=false}
2022-02-27 09:12:36.318 INFO  (qtp1866768727-33) [c:techproducts s:shard1 r:core_node3 x:techproducts_shard1_replica_n1] o.a.s.s.s.SolrSuggester Dictionary loaded with params: {name=mySuggester,lookupImpl=FuzzyLookupFactory,dictionaryImpl=DocumentDictionaryFactory,field=cat,weightField=price,suggestAnalyzerFieldType=string,buildOnStartup=false}
2022-02-27 09:12:36.318 INFO  (qtp1866768727-57) [c:techproducts s:shard2 r:core_node7 x:techproducts_shard2_replica_n4] o.a.s.s.s.SolrSuggester Dictionary loaded with params: {name=mySuggester,lookupImpl=FuzzyLookupFactory,dictionaryImpl=DocumentDictionaryFactory,field=cat,weightField=price,suggestAnalyzerFieldType=string,buildOnStartup=false}
2022-02-27 09:12:36.336 INFO  (qtp1866768727-33) [c:techproducts s:shard1 r:core_node3 x:techproducts_shard1_replica_n1] o.a.s.h.ReplicationHandler Commits will be reserved for 10000 ms
2022-02-27 09:12:36.336 INFO  (qtp1866768727-57) [c:techproducts s:shard2 r:core_node7 x:techproducts_shard2_replica_n4] o.a.s.h.ReplicationHandler Commits will be reserved for 10000 ms
2022-02-27 09:12:36.344 INFO  (qtp1866768727-33) [c:techproducts s:shard1 r:core_node3 x:techproducts_shard1_replica_n1] o.a.s.u.UpdateLog Could not find max version in index or recent updates, using new clock 1725906976866566144
2022-02-27 09:12:36.344 INFO  (qtp1866768727-57) [c:techproducts s:shard2 r:core_node7 x:techproducts_shard2_replica_n4] o.a.s.u.UpdateLog Could not find max version in index or recent updates, using new clock 1725906976866566144
2022-02-27 09:12:36.405 INFO  (qtp1866768727-33) [c:techproducts s:shard1 r:core_node3 x:techproducts_shard1_replica_n1] o.a.s.c.ZkShardTerms Successful update of terms at /collections/techproducts/terms/shard1 to Terms{values={core_node3=0}, version=0}
2022-02-27 09:12:36.418 INFO  (qtp1866768727-57) [c:techproducts s:shard2 r:core_node7 x:techproducts_shard2_replica_n4] o.a.s.c.ZkShardTerms Successful update of terms at /collections/techproducts/terms/shard2 to Terms{values={core_node7=0, core_node8=0}, version=1}
2022-02-27 09:12:36.431 INFO  (qtp1866768727-57) [c:techproducts s:shard2 r:core_node7 x:techproducts_shard2_replica_n4] o.a.s.c.ShardLeaderElectionContextBase make sure parent is created /collections/techproducts/leaders/shard2
2022-02-27 09:12:36.431 INFO  (qtp1866768727-33) [c:techproducts s:shard1 r:core_node3 x:techproducts_shard1_replica_n1] o.a.s.c.ShardLeaderElectionContextBase make sure parent is created /collections/techproducts/leaders/shard1
2022-02-27 09:12:36.455 INFO  (searcherExecutor-24-thread-1-processing-n:10.27.39.74:7574_solr x:techproducts_shard2_replica_n4 c:techproducts s:shard2 r:core_node7) [c:techproducts s:shard2 r:core_node7 x:techproducts_shard2_replica_n4] o.a.s.c.S.Request [techproducts_shard2_replica_n4]  webapp=null path=null params={q=static+firstSearcher+warming+in+solrconfig.xml&distrib=false&event=firstSearcher} hits=0 status=0 QTime=92
2022-02-27 09:12:36.455 INFO  (searcherExecutor-25-thread-1-processing-n:10.27.39.74:7574_solr x:techproducts_shard1_replica_n1 c:techproducts s:shard1 r:core_node3) [c:techproducts s:shard1 r:core_node3 x:techproducts_shard1_replica_n1] o.a.s.c.S.Request [techproducts_shard1_replica_n1]  webapp=null path=null params={q=static+firstSearcher+warming+in+solrconfig.xml&distrib=false&event=firstSearcher} hits=0 status=0 QTime=92
2022-02-27 09:12:36.455 INFO  (searcherExecutor-24-thread-1-processing-n:10.27.39.74:7574_solr x:techproducts_shard2_replica_n4 c:techproducts s:shard2 r:core_node7) [c:techproducts s:shard2 r:core_node7 x:techproducts_shard2_replica_n4] o.a.s.c.QuerySenderListener QuerySenderListener done.
2022-02-27 09:12:36.455 INFO  (searcherExecutor-25-thread-1-processing-n:10.27.39.74:7574_solr x:techproducts_shard1_replica_n1 c:techproducts s:shard1 r:core_node3) [c:techproducts s:shard1 r:core_node3 x:techproducts_shard1_replica_n1] o.a.s.c.QuerySenderListener QuerySenderListener done.
2022-02-27 09:12:36.456 INFO  (searcherExecutor-25-thread-1-processing-n:10.27.39.74:7574_solr x:techproducts_shard1_replica_n1 c:techproducts s:shard1 r:core_node3) [c:techproducts s:shard1 r:core_node3 x:techproducts_shard1_replica_n1] o.a.s.h.c.SpellCheckComponent Loading spell index for spellchecker: default
2022-02-27 09:12:36.456 INFO  (searcherExecutor-24-thread-1-processing-n:10.27.39.74:7574_solr x:techproducts_shard2_replica_n4 c:techproducts s:shard2 r:core_node7) [c:techproducts s:shard2 r:core_node7 x:techproducts_shard2_replica_n4] o.a.s.h.c.SpellCheckComponent Loading spell index for spellchecker: default
2022-02-27 09:12:36.456 INFO  (searcherExecutor-25-thread-1-processing-n:10.27.39.74:7574_solr x:techproducts_shard1_replica_n1 c:techproducts s:shard1 r:core_node3) [c:techproducts s:shard1 r:core_node3 x:techproducts_shard1_replica_n1] o.a.s.h.c.SpellCheckComponent Loading spell index for spellchecker: wordbreak
2022-02-27 09:12:36.456 INFO  (searcherExecutor-24-thread-1-processing-n:10.27.39.74:7574_solr x:techproducts_shard2_replica_n4 c:techproducts s:shard2 r:core_node7) [c:techproducts s:shard2 r:core_node7 x:techproducts_shard2_replica_n4] o.a.s.h.c.SpellCheckComponent Loading spell index for spellchecker: wordbreak
2022-02-27 09:12:36.461 INFO  (qtp1866768727-32) [c:techproducts s:shard2 r:core_node7 x:techproducts_shard2_replica_n4] o.a.s.c.S.Request [techproducts_shard2_replica_n4]  webapp=/solr path=/get params={distrib=false&qt=/get&fingerprint=false&getVersions=100&wt=javabin&version=2} status=0 QTime=4
2022-02-27 09:12:36.461 INFO  (qtp1866768727-34) [c:techproducts s:shard1 r:core_node3 x:techproducts_shard1_replica_n1] o.a.s.c.S.Request [techproducts_shard1_replica_n1]  webapp=/solr path=/get params={distrib=false&qt=/get&fingerprint=false&getVersions=100&wt=javabin&version=2} status=0 QTime=3
2022-02-27 09:12:36.475 INFO  (searcherExecutor-24-thread-1-processing-n:10.27.39.74:7574_solr x:techproducts_shard2_replica_n4 c:techproducts s:shard2 r:core_node7) [c:techproducts s:shard2 r:core_node7 x:techproducts_shard2_replica_n4] o.a.s.c.SolrCore [techproducts_shard2_replica_n4]  Registered new searcher autowarm time: 0 ms
2022-02-27 09:12:36.476 INFO  (searcherExecutor-25-thread-1-processing-n:10.27.39.74:7574_solr x:techproducts_shard1_replica_n1 c:techproducts s:shard1 r:core_node3) [c:techproducts s:shard1 r:core_node3 x:techproducts_shard1_replica_n1] o.a.s.c.SolrCore [techproducts_shard1_replica_n1]  Registered new searcher autowarm time: 0 ms
2022-02-27 09:12:37.488 INFO  (qtp1866768727-33) [   ] o.a.s.s.HttpSolrCall [admin] webapp=null path=/admin/cores params={qt=/admin/cores&coreNodeName=core_node3&collection.configName=techproducts&newCollection=true&name=techproducts_shard1_replica_n1&action=CREATE&numShards=2&collection=techproducts&shard=shard1&wt=javabin&version=2&replicaType=NRT} status=0 QTime=3508
2022-02-27 09:12:37.493 INFO  (qtp1866768727-57) [   ] o.a.s.s.HttpSolrCall [admin] webapp=null path=/admin/cores params={qt=/admin/cores&coreNodeName=core_node7&collection.configName=techproducts&newCollection=true&name=techproducts_shard2_replica_n4&action=CREATE&numShards=2&collection=techproducts&shard=shard2&wt=javabin&version=2&replicaType=NRT} status=0 QTime=3515
2022-02-27 09:12:37.595 INFO  (zkCallback-12-thread-2) [   ] o.a.s.c.c.ZkStateReader A cluster state change: [WatchedEvent state:SyncConnected type:NodeDataChanged path:/collections/techproducts/state.json] for collection [techproducts] has occurred - updating... (live nodes size: [2])
2022-02-27 09:12:37.595 INFO  (zkCallback-12-thread-3) [   ] o.a.s.c.c.ZkStateReader A cluster state change: [WatchedEvent state:SyncConnected type:NodeDataChanged path:/collections/techproducts/state.json] for collection [techproducts] has occurred - updating... (live nodes size: [2])
2022-02-27 09:12:37.741 INFO  (Thread-17) [   ] o.a.s.c.SolrCore config update listener called for core techproducts_shard2_replica_n4
2022-02-27 09:12:37.743 INFO  (Thread-17) [   ] o.a.s.c.SolrCore core reload techproducts_shard2_replica_n4
2022-02-27 09:12:37.765 INFO  (Thread-17) [   ] o.a.s.c.RequestParams conf resource params.json loaded . version : 0 
2022-02-27 09:12:37.766 INFO  (Thread-17) [   ] o.a.s.c.RequestParams request params refreshed to version 0
2022-02-27 09:12:37.778 INFO  (Thread-17) [   ] o.a.s.c.SolrResourceLoader Added 57 libs to classloader, from paths: [/C:/Users/Mitali/solr-8.11.1/solr-8.11.1/contrib/extraction/lib, /C:/Users/Mitali/solr-8.11.1/solr-8.11.1/contrib/langid/lib, /C:/Users/Mitali/solr-8.11.1/solr-8.11.1/contrib/velocity/lib, /C:/Users/Mitali/solr-8.11.1/solr-8.11.1/dist]
2022-02-27 09:12:37.811 INFO  (Thread-17) [   ] o.a.s.c.SolrConfig Using Lucene MatchVersion: 8.11.1
2022-02-27 09:12:37.812 INFO  (Thread-17) [   ] o.a.s.u.SolrIndexConfig IndexWriter infoStream solr logging is enabled
2022-02-27 09:12:37.812 WARN  (Thread-17) [   ] o.a.s.c.SolrConfig solrconfig.xml: <jmx> is no longer supported, use solr.xml:/metrics/reporter section instead
2022-02-27 09:12:37.816 INFO  (Thread-17) [   ] o.a.s.s.IndexSchema Schema name=example
2022-02-27 09:12:37.855 INFO  (qtp1866768727-35) [c:techproducts s:shard1 r:core_node3 x:techproducts_shard1_replica_n1] o.a.s.h.SolrConfigHandler expecting overlay version 0 but my version is -1
2022-02-27 09:12:37.855 INFO  (qtp1866768727-28) [c:techproducts s:shard2 r:core_node7 x:techproducts_shard2_replica_n4] o.a.s.h.SolrConfigHandler expecting overlay version 0 but my version is -1
2022-02-27 09:12:37.856 INFO  (qtp1866768727-35) [c:techproducts s:shard1 r:core_node3 x:techproducts_shard1_replica_n1] o.a.s.c.S.Request [techproducts_shard1_replica_n1]  webapp=/solr path=/config/znodeVersion params={overlay=0&wt=javabin&version=2} status=0 QTime=8
2022-02-27 09:12:37.857 INFO  (qtp1866768727-28) [c:techproducts s:shard2 r:core_node7 x:techproducts_shard2_replica_n4] o.a.s.c.S.Request [techproducts_shard2_replica_n4]  webapp=/solr path=/config/znodeVersion params={overlay=0&wt=javabin&version=2} status=0 QTime=8
2022-02-27 09:12:37.857 INFO  (SolrConfigHandler-refreshconf) [   ] o.a.s.h.SolrConfigHandler Another reload is in progress . Not doing anything
2022-02-27 09:12:37.857 INFO  (SolrConfigHandler-refreshconf) [   ] o.a.s.h.SolrConfigHandler Trying to update my configs
2022-02-27 09:12:37.857 INFO  (SolrConfigHandler-refreshconf) [   ] o.a.s.c.SolrCore config update listener called for core techproducts_shard1_replica_n1
2022-02-27 09:12:37.858 INFO  (SolrConfigHandler-refreshconf) [   ] o.a.s.c.SolrCore core reload techproducts_shard1_replica_n1
2022-02-27 09:12:37.867 INFO  (SolrConfigHandler-refreshconf) [   ] o.a.s.c.RequestParams conf resource params.json loaded . version : 0 
2022-02-27 09:12:37.867 INFO  (SolrConfigHandler-refreshconf) [   ] o.a.s.c.RequestParams request params refreshed to version 0
2022-02-27 09:12:37.875 INFO  (SolrConfigHandler-refreshconf) [   ] o.a.s.c.SolrResourceLoader Added 57 libs to classloader, from paths: [/C:/Users/Mitali/solr-8.11.1/solr-8.11.1/contrib/extraction/lib, /C:/Users/Mitali/solr-8.11.1/solr-8.11.1/contrib/langid/lib, /C:/Users/Mitali/solr-8.11.1/solr-8.11.1/contrib/velocity/lib, /C:/Users/Mitali/solr-8.11.1/solr-8.11.1/dist]
2022-02-27 09:12:37.907 INFO  (SolrConfigHandler-refreshconf) [   ] o.a.s.c.SolrConfig Using Lucene MatchVersion: 8.11.1
2022-02-27 09:12:37.907 INFO  (SolrConfigHandler-refreshconf) [   ] o.a.s.u.SolrIndexConfig IndexWriter infoStream solr logging is enabled
2022-02-27 09:12:37.908 WARN  (SolrConfigHandler-refreshconf) [   ] o.a.s.c.SolrConfig solrconfig.xml: <jmx> is no longer supported, use solr.xml:/metrics/reporter section instead
2022-02-27 09:12:37.911 INFO  (SolrConfigHandler-refreshconf) [   ] o.a.s.s.IndexSchema Schema name=example
2022-02-27 09:12:37.924 INFO  (Thread-17) [   ] o.a.s.r.RestManager Registered ManagedResource impl org.apache.solr.rest.schema.analysis.ManagedWordSetResource for path /schema/analysis/stopwords/english
2022-02-27 09:12:37.924 INFO  (Thread-17) [   ] o.a.s.r.RestManager Registered ManagedResource impl org.apache.solr.rest.schema.analysis.ManagedSynonymGraphFilterFactory$SynonymManager for path /schema/analysis/synonyms/english
2022-02-27 09:12:37.924 INFO  (Thread-17) [   ] o.a.s.r.RestManager Added observer of type org.apache.solr.rest.schema.analysis.ManagedStopFilterFactory to existing ManagedResource /schema/analysis/stopwords/english
2022-02-27 09:12:37.924 INFO  (Thread-17) [   ] o.a.s.r.RestManager Added observer of type org.apache.solr.rest.schema.analysis.ManagedSynonymGraphFilterFactory to existing ManagedResource /schema/analysis/synonyms/english
2022-02-27 09:12:37.932 INFO  (Thread-17) [   ] o.a.s.s.IndexSchema Loaded schema example/1.6 with uniqueid field id
2022-02-27 09:12:37.932 INFO  (Thread-17) [   ] o.a.s.r.RestManager Added observer of type org.apache.solr.rest.schema.analysis.ManagedStopFilterFactory to existing ManagedResource /schema/analysis/stopwords/english
2022-02-27 09:12:37.932 INFO  (Thread-17) [   ] o.a.s.r.RestManager Added observer of type org.apache.solr.rest.schema.analysis.ManagedSynonymGraphFilterFactory to existing ManagedResource /schema/analysis/synonyms/english
2022-02-27 09:12:37.932 INFO  (Thread-17) [   ] o.a.s.r.RestManager Added observer of type org.apache.solr.rest.schema.analysis.ManagedStopFilterFactory to existing ManagedResource /schema/analysis/stopwords/english
2022-02-27 09:12:37.932 INFO  (Thread-17) [   ] o.a.s.r.RestManager Added observer of type org.apache.solr.rest.schema.analysis.ManagedSynonymGraphFilterFactory to existing ManagedResource /schema/analysis/synonyms/english
2022-02-27 09:12:37.963 INFO  (qtp1866768727-57) [c:techproducts s:shard1 r:core_node3 x:techproducts_shard1_replica_n1] o.a.s.h.SolrConfigHandler expecting overlay version 0 but my version is -1
2022-02-27 09:12:37.963 INFO  (qtp1866768727-34) [c:techproducts s:shard2 r:core_node7 x:techproducts_shard2_replica_n4] o.a.s.h.SolrConfigHandler expecting overlay version 0 but my version is -1
2022-02-27 09:12:37.963 INFO  (qtp1866768727-57) [c:techproducts s:shard1 r:core_node3 x:techproducts_shard1_replica_n1] o.a.s.c.S.Request [techproducts_shard1_replica_n1]  webapp=/solr path=/config/znodeVersion params={overlay=0&wt=javabin&version=2} status=0 QTime=0
2022-02-27 09:12:37.963 INFO  (qtp1866768727-34) [c:techproducts s:shard2 r:core_node7 x:techproducts_shard2_replica_n4] o.a.s.c.S.Request [techproducts_shard2_replica_n4]  webapp=/solr path=/config/znodeVersion params={overlay=0&wt=javabin&version=2} status=0 QTime=0
2022-02-27 09:12:37.964 INFO  (SolrConfigHandler-refreshconf) [   ] o.a.s.h.SolrConfigHandler Another reload is in progress . Not doing anything
2022-02-27 09:12:37.964 INFO  (SolrConfigHandler-refreshconf) [   ] o.a.s.h.SolrConfigHandler Another reload is in progress . Not doing anything
2022-02-27 09:12:37.992 INFO  (SolrConfigHandler-refreshconf) [   ] o.a.s.r.RestManager Registered ManagedResource impl org.apache.solr.rest.schema.analysis.ManagedWordSetResource for path /schema/analysis/stopwords/english
2022-02-27 09:12:37.992 INFO  (SolrConfigHandler-refreshconf) [   ] o.a.s.r.RestManager Registered ManagedResource impl org.apache.solr.rest.schema.analysis.ManagedSynonymGraphFilterFactory$SynonymManager for path /schema/analysis/synonyms/english
2022-02-27 09:12:37.992 INFO  (SolrConfigHandler-refreshconf) [   ] o.a.s.r.RestManager Added observer of type org.apache.solr.rest.schema.analysis.ManagedStopFilterFactory to existing ManagedResource /schema/analysis/stopwords/english
2022-02-27 09:12:37.992 INFO  (SolrConfigHandler-refreshconf) [   ] o.a.s.r.RestManager Added observer of type org.apache.solr.rest.schema.analysis.ManagedSynonymGraphFilterFactory to existing ManagedResource /schema/analysis/synonyms/english
2022-02-27 09:12:37.998 INFO  (SolrConfigHandler-refreshconf) [   ] o.a.s.s.IndexSchema Loaded schema example/1.6 with uniqueid field id
2022-02-27 09:12:37.998 INFO  (SolrConfigHandler-refreshconf) [   ] o.a.s.r.RestManager Added observer of type org.apache.solr.rest.schema.analysis.ManagedStopFilterFactory to existing ManagedResource /schema/analysis/stopwords/english
2022-02-27 09:12:37.998 INFO  (SolrConfigHandler-refreshconf) [   ] o.a.s.r.RestManager Added observer of type org.apache.solr.rest.schema.analysis.ManagedSynonymGraphFilterFactory to existing ManagedResource /schema/analysis/synonyms/english
2022-02-27 09:12:37.998 INFO  (SolrConfigHandler-refreshconf) [   ] o.a.s.r.RestManager Added observer of type org.apache.solr.rest.schema.analysis.ManagedStopFilterFactory to existing ManagedResource /schema/analysis/stopwords/english
2022-02-27 09:12:37.998 INFO  (SolrConfigHandler-refreshconf) [   ] o.a.s.r.RestManager Added observer of type org.apache.solr.rest.schema.analysis.ManagedSynonymGraphFilterFactory to existing ManagedResource /schema/analysis/synonyms/english
2022-02-27 09:12:38.014 INFO  (Thread-17) [   ] o.a.s.c.CoreContainer Reloading SolrCore 'techproducts_shard2_replica_n4' using configuration from configset techproducts
2022-02-27 09:12:38.056 INFO  (Thread-17) [c:techproducts s:shard2 r:core_node7 x:techproducts_shard2_replica_n4] o.a.s.m.r.SolrJmxReporter JMX monitoring for 'solr.core.techproducts.shard2.replica_n4' (registry 'solr.core.techproducts.shard2.replica_n4') enabled at server: com.sun.jmx.mbeanserver.JmxMBeanServer@30f842ca
2022-02-27 09:12:38.056 INFO  (Thread-17) [   ] o.a.s.c.SolrCore [[techproducts_shard2_replica_n4] ] Opening new SolrCore at [C:\Users\Mitali\solr-8.11.1\solr-8.11.1\example\cloud\node2\solr\techproducts_shard2_replica_n4], dataDir=[C:\Users\Mitali\solr-8.11.1\solr-8.11.1\example\cloud\node2\solr\techproducts_shard2_replica_n4\data\]
2022-02-27 09:12:38.069 INFO  (qtp1866768727-33) [c:techproducts s:shard1 r:core_node3 x:techproducts_shard1_replica_n1] o.a.s.h.SolrConfigHandler expecting overlay version 0 but my version is -1
2022-02-27 09:12:38.070 INFO  (qtp1866768727-33) [c:techproducts s:shard1 r:core_node3 x:techproducts_shard1_replica_n1] o.a.s.c.S.Request [techproducts_shard1_replica_n1]  webapp=/solr path=/config/znodeVersion params={overlay=0&wt=javabin&version=2} status=0 QTime=0
2022-02-27 09:12:38.070 INFO  (SolrConfigHandler-refreshconf) [   ] o.a.s.h.SolrConfigHandler Another reload is in progress . Not doing anything
2022-02-27 09:12:38.070 INFO  (qtp1866768727-67) [c:techproducts s:shard2 r:core_node7 x:techproducts_shard2_replica_n4] o.a.s.h.SolrConfigHandler expecting overlay version 0 but my version is -1
2022-02-27 09:12:38.071 INFO  (qtp1866768727-67) [c:techproducts s:shard2 r:core_node7 x:techproducts_shard2_replica_n4] o.a.s.c.S.Request [techproducts_shard2_replica_n4]  webapp=/solr path=/config/znodeVersion params={overlay=0&wt=javabin&version=2} status=0 QTime=0
2022-02-27 09:12:38.072 INFO  (SolrConfigHandler-refreshconf) [   ] o.a.s.h.SolrConfigHandler Another reload is in progress . Not doing anything
2022-02-27 09:12:38.073 INFO  (Thread-17) [   ] o.a.s.r.XSLTResponseWriter xsltCacheLifetimeSeconds=5
2022-02-27 09:12:38.092 INFO  (SolrConfigHandler-refreshconf) [   ] o.a.s.c.CoreContainer Reloading SolrCore 'techproducts_shard1_replica_n1' using configuration from configset techproducts
2022-02-27 09:12:38.135 INFO  (SolrConfigHandler-refreshconf) [c:techproducts s:shard1 r:core_node3 x:techproducts_shard1_replica_n1] o.a.s.m.r.SolrJmxReporter JMX monitoring for 'solr.core.techproducts.shard1.replica_n1' (registry 'solr.core.techproducts.shard1.replica_n1') enabled at server: com.sun.jmx.mbeanserver.JmxMBeanServer@30f842ca
2022-02-27 09:12:38.135 INFO  (SolrConfigHandler-refreshconf) [   ] o.a.s.c.SolrCore [[techproducts_shard1_replica_n1] ] Opening new SolrCore at [C:\Users\Mitali\solr-8.11.1\solr-8.11.1\example\cloud\node2\solr\techproducts_shard1_replica_n1], dataDir=[C:\Users\Mitali\solr-8.11.1\solr-8.11.1\example\cloud\node2\solr\techproducts_shard1_replica_n1\data\]
2022-02-27 09:12:38.136 INFO  (Thread-17) [   ] o.a.s.u.CommitTracker Hard AutoCommit: if uncommitted for 15000ms; 
2022-02-27 09:12:38.136 INFO  (Thread-17) [   ] o.a.s.u.CommitTracker Soft AutoCommit: if uncommitted for 3000ms; 
2022-02-27 09:12:38.144 INFO  (Thread-17) [   ] o.a.s.r.ManagedResourceStorage Configured ZooKeeperStorageIO with znodeBase: /configs/techproducts
2022-02-27 09:12:38.146 INFO  (Thread-17) [   ] o.a.s.r.ManagedResourceStorage Loaded LinkedHashMap at path _rest_managed.json using ZooKeeperStorageIO:path=/configs/techproducts
2022-02-27 09:12:38.146 INFO  (Thread-17) [   ] o.a.s.r.ManagedResource Loaded initArgs {} for /rest/managed
2022-02-27 09:12:38.146 INFO  (SolrConfigHandler-refreshconf) [   ] o.a.s.r.XSLTResponseWriter xsltCacheLifetimeSeconds=5
2022-02-27 09:12:38.147 INFO  (Thread-17) [   ] o.a.s.r.ManagedResourceStorage Loaded LinkedHashMap at path _schema_analysis_stopwords_english.json using ZooKeeperStorageIO:path=/configs/techproducts
2022-02-27 09:12:38.147 INFO  (Thread-17) [   ] o.a.s.r.ManagedResource Loaded initArgs {ignoreCase=true} for /schema/analysis/stopwords/english
2022-02-27 09:12:38.148 INFO  (Thread-17) [   ] o.a.s.r.s.a.ManagedWordSetResource Loaded 35 words for /schema/analysis/stopwords/english
2022-02-27 09:12:38.148 INFO  (Thread-17) [   ] o.a.s.r.ManagedResource Notified 2 observers of /schema/analysis/stopwords/english
2022-02-27 09:12:38.149 INFO  (Thread-17) [   ] o.a.s.r.ManagedResourceStorage Loaded LinkedHashMap at path _schema_analysis_synonyms_english.json using ZooKeeperStorageIO:path=/configs/techproducts
2022-02-27 09:12:38.149 INFO  (Thread-17) [   ] o.a.s.r.ManagedResource Loaded initArgs {ignoreCase=true,format=solr} for /schema/analysis/synonyms/english
2022-02-27 09:12:38.149 INFO  (Thread-17) [   ] o.a.s.r.s.a.ManagedSynonymGraphFilterFactory Loaded 3 synonym mappings for /schema/analysis/synonyms/english
2022-02-27 09:12:38.150 INFO  (Thread-17) [   ] o.a.s.r.ManagedResource Notified 2 observers of /schema/analysis/synonyms/english
2022-02-27 09:12:38.150 INFO  (Thread-17) [   ] o.a.s.s.ZkIndexSchemaReader Creating ZooKeeper watch for the managed schema at /configs/techproducts/managed-schema
2022-02-27 09:12:38.152 INFO  (Thread-17) [   ] o.a.s.s.ZkIndexSchemaReader Current schema version 0 is already the latest
2022-02-27 09:12:38.152 INFO  (Thread-17) [   ] o.a.s.h.c.SpellCheckComponent Initializing spell checkers
2022-02-27 09:12:38.152 INFO  (Thread-17) [   ] o.a.s.s.DirectSolrSpellChecker init: {name=default,field=text,classname=solr.DirectSolrSpellChecker,distanceMeasure=internal,accuracy=0.5,maxQueryFrequency=0.01,maxEdits=2,minPrefix=1,maxInspections=5,minQueryLength=4}
2022-02-27 09:12:38.153 INFO  (Thread-17) [   ] o.a.s.h.c.SuggestComponent Initializing SuggestComponent
2022-02-27 09:12:38.153 INFO  (Thread-17) [   ] o.a.s.s.s.SolrSuggester init: {name=mySuggester,lookupImpl=FuzzyLookupFactory,dictionaryImpl=DocumentDictionaryFactory,field=cat,weightField=price,suggestAnalyzerFieldType=string,buildOnStartup=false}
2022-02-27 09:12:38.153 INFO  (Thread-17) [   ] o.a.s.s.s.SolrSuggester Dictionary loaded with params: {name=mySuggester,lookupImpl=FuzzyLookupFactory,dictionaryImpl=DocumentDictionaryFactory,field=cat,weightField=price,suggestAnalyzerFieldType=string,buildOnStartup=false}
2022-02-27 09:12:38.156 INFO  (Thread-17) [   ] o.a.s.h.ReplicationHandler Commits will be reserved for 10000 ms
2022-02-27 09:12:38.157 INFO  (Thread-17) [   ] o.a.s.u.UpdateLog Could not find max version in index or recent updates, using new clock 1725906978767634432
2022-02-27 09:12:38.162 INFO  (searcherExecutor-35-thread-1-processing-n:10.27.39.74:7574_solr) [   ] o.a.s.c.S.Request [techproducts_shard2_replica_n4]  webapp=null path=null params={q=static+firstSearcher+warming+in+solrconfig.xml&distrib=false&event=firstSearcher} hits=0 status=0 QTime=2
2022-02-27 09:12:38.163 INFO  (searcherExecutor-35-thread-1-processing-n:10.27.39.74:7574_solr) [   ] o.a.s.c.QuerySenderListener QuerySenderListener done.
2022-02-27 09:12:38.163 INFO  (searcherExecutor-35-thread-1-processing-n:10.27.39.74:7574_solr) [   ] o.a.s.h.c.SpellCheckComponent Loading spell index for spellchecker: default
2022-02-27 09:12:38.163 INFO  (searcherExecutor-35-thread-1-processing-n:10.27.39.74:7574_solr) [   ] o.a.s.h.c.SpellCheckComponent Loading spell index for spellchecker: wordbreak
2022-02-27 09:12:38.171 INFO  (Thread-17) [   ] o.a.s.u.DefaultSolrCoreState New IndexWriter is ready to be used.
2022-02-27 09:12:38.172 INFO  (searcherExecutor-35-thread-1-processing-n:10.27.39.74:7574_solr) [   ] o.a.s.c.SolrCore [techproducts_shard2_replica_n4]  Registered new searcher autowarm time: 0 ms
2022-02-27 09:12:38.179 INFO  (qtp1866768727-57) [c:techproducts s:shard1 r:core_node3 x:techproducts_shard1_replica_n1] o.a.s.h.SolrConfigHandler expecting overlay version 0 but my version is -1
2022-02-27 09:12:38.179 INFO  (qtp1866768727-57) [c:techproducts s:shard1 r:core_node3 x:techproducts_shard1_replica_n1] o.a.s.c.S.Request [techproducts_shard1_replica_n1]  webapp=/solr path=/config/znodeVersion params={overlay=0&wt=javabin&version=2} status=0 QTime=0
2022-02-27 09:12:38.182 INFO  (Thread-17) [   ] o.a.s.c.SolrCore [techproducts_shard2_replica_n4]  CLOSING SolrCore org.apache.solr.core.SolrCore@21cd4d4f
2022-02-27 09:12:38.183 INFO  (Thread-17) [   ] o.a.s.m.SolrMetricManager Closing metric reporters for registry=solr.core.techproducts.shard2.replica_n4 tag=SolrCore@21cd4d4f
2022-02-27 09:12:38.183 INFO  (qtp1866768727-32) [c:techproducts s:shard2 r:core_node7 x:techproducts_shard2_replica_n4] o.a.s.h.SolrConfigHandler I already have the expected version 0 of config
2022-02-27 09:12:38.181 INFO  (SolrConfigHandler-refreshconf) [   ] o.a.s.h.SolrConfigHandler Another reload is in progress . Not doing anything
2022-02-27 09:12:38.183 INFO  (qtp1866768727-32) [c:techproducts s:shard2 r:core_node7 x:techproducts_shard2_replica_n4] o.a.s.h.SolrConfigHandler isStale false , resourceloader org.apache.solr.cloud.ZkSolrResourceLoader
2022-02-27 09:12:38.183 INFO  (qtp1866768727-32) [c:techproducts s:shard2 r:core_node7 x:techproducts_shard2_replica_n4] o.a.s.c.S.Request [techproducts_shard2_replica_n4]  webapp=/solr path=/config/znodeVersion params={overlay=0&wt=javabin&version=2} status=0 QTime=0
2022-02-27 09:12:38.184 INFO  (Thread-17) [   ] o.a.s.m.r.SolrJmxReporter Closing reporter [org.apache.solr.metrics.reporters.SolrJmxReporter@3cc7baba: rootName = null, domain = solr.core.techproducts.shard2.replica_n4, service url = null, agent id = null] for registry solr.core.techproducts.shard2.replica_n4/com.codahale.metrics.MetricRegistry@3d556ac6
2022-02-27 09:12:38.192 INFO  (Thread-17) [   ] o.a.s.m.SolrMetricManager Closing metric reporters for registry=solr.collection.techproducts.shard2.leader tag=SolrCore@21cd4d4f
2022-02-27 09:12:38.200 INFO  (searcherExecutor-35-thread-1-processing-n:10.27.39.74:7574_solr) [   ] o.a.s.c.QuerySenderListener QuerySenderListener done.
2022-02-27 09:12:38.204 INFO  (searcherExecutor-35-thread-1-processing-n:10.27.39.74:7574_solr) [   ] o.a.s.c.SolrCore [techproducts_shard2_replica_n4]  Registered new searcher autowarm time: 16 ms
2022-02-27 09:12:38.214 INFO  (Thread-17) [   ] o.a.s.c.SolrCore config update listener called for core techproducts_shard1_replica_n1
2022-02-27 09:12:38.215 INFO  (Thread-17) [   ] o.a.s.c.SolrCore core reload techproducts_shard1_replica_n1
2022-02-27 09:12:38.215 INFO  (Thread-17) [   ] o.a.s.c.SolrCore Another reload is in progress. Not doing anything.
2022-02-27 09:12:38.220 INFO  (SolrConfigHandler-refreshconf) [   ] o.a.s.u.CommitTracker Hard AutoCommit: if uncommitted for 15000ms; 
2022-02-27 09:12:38.220 INFO  (SolrConfigHandler-refreshconf) [   ] o.a.s.u.CommitTracker Soft AutoCommit: if uncommitted for 3000ms; 
2022-02-27 09:12:38.224 INFO  (SolrConfigHandler-refreshconf) [   ] o.a.s.r.ManagedResourceStorage Configured ZooKeeperStorageIO with znodeBase: /configs/techproducts
2022-02-27 09:12:38.225 INFO  (SolrConfigHandler-refreshconf) [   ] o.a.s.r.ManagedResourceStorage Loaded LinkedHashMap at path _rest_managed.json using ZooKeeperStorageIO:path=/configs/techproducts
2022-02-27 09:12:38.225 INFO  (SolrConfigHandler-refreshconf) [   ] o.a.s.r.ManagedResource Loaded initArgs {} for /rest/managed
2022-02-27 09:12:38.226 INFO  (SolrConfigHandler-refreshconf) [   ] o.a.s.r.ManagedResourceStorage Loaded LinkedHashMap at path _schema_analysis_stopwords_english.json using ZooKeeperStorageIO:path=/configs/techproducts
2022-02-27 09:12:38.226 INFO  (SolrConfigHandler-refreshconf) [   ] o.a.s.r.ManagedResource Loaded initArgs {ignoreCase=true} for /schema/analysis/stopwords/english
2022-02-27 09:12:38.226 INFO  (SolrConfigHandler-refreshconf) [   ] o.a.s.r.s.a.ManagedWordSetResource Loaded 35 words for /schema/analysis/stopwords/english
2022-02-27 09:12:38.226 INFO  (SolrConfigHandler-refreshconf) [   ] o.a.s.r.ManagedResource Notified 2 observers of /schema/analysis/stopwords/english
2022-02-27 09:12:38.227 INFO  (SolrConfigHandler-refreshconf) [   ] o.a.s.r.ManagedResourceStorage Loaded LinkedHashMap at path _schema_analysis_synonyms_english.json using ZooKeeperStorageIO:path=/configs/techproducts
2022-02-27 09:12:38.228 INFO  (SolrConfigHandler-refreshconf) [   ] o.a.s.r.ManagedResource Loaded initArgs {ignoreCase=true,format=solr} for /schema/analysis/synonyms/english
2022-02-27 09:12:38.228 INFO  (SolrConfigHandler-refreshconf) [   ] o.a.s.r.s.a.ManagedSynonymGraphFilterFactory Loaded 3 synonym mappings for /schema/analysis/synonyms/english
2022-02-27 09:12:38.228 INFO  (SolrConfigHandler-refreshconf) [   ] o.a.s.r.ManagedResource Notified 2 observers of /schema/analysis/synonyms/english
2022-02-27 09:12:38.228 INFO  (SolrConfigHandler-refreshconf) [   ] o.a.s.s.ZkIndexSchemaReader Creating ZooKeeper watch for the managed schema at /configs/techproducts/managed-schema
2022-02-27 09:12:38.229 INFO  (SolrConfigHandler-refreshconf) [   ] o.a.s.s.ZkIndexSchemaReader Current schema version 0 is already the latest
2022-02-27 09:12:38.230 INFO  (SolrConfigHandler-refreshconf) [   ] o.a.s.h.c.SpellCheckComponent Initializing spell checkers
2022-02-27 09:12:38.230 INFO  (SolrConfigHandler-refreshconf) [   ] o.a.s.s.DirectSolrSpellChecker init: {name=default,field=text,classname=solr.DirectSolrSpellChecker,distanceMeasure=internal,accuracy=0.5,maxQueryFrequency=0.01,maxEdits=2,minPrefix=1,maxInspections=5,minQueryLength=4}
2022-02-27 09:12:38.230 INFO  (SolrConfigHandler-refreshconf) [   ] o.a.s.h.c.SuggestComponent Initializing SuggestComponent
2022-02-27 09:12:38.230 INFO  (SolrConfigHandler-refreshconf) [   ] o.a.s.s.s.SolrSuggester init: {name=mySuggester,lookupImpl=FuzzyLookupFactory,dictionaryImpl=DocumentDictionaryFactory,field=cat,weightField=price,suggestAnalyzerFieldType=string,buildOnStartup=false}
2022-02-27 09:12:38.230 INFO  (SolrConfigHandler-refreshconf) [   ] o.a.s.s.s.SolrSuggester Dictionary loaded with params: {name=mySuggester,lookupImpl=FuzzyLookupFactory,dictionaryImpl=DocumentDictionaryFactory,field=cat,weightField=price,suggestAnalyzerFieldType=string,buildOnStartup=false}
2022-02-27 09:12:38.232 INFO  (SolrConfigHandler-refreshconf) [   ] o.a.s.h.ReplicationHandler Commits will be reserved for 10000 ms
2022-02-27 09:12:38.233 INFO  (SolrConfigHandler-refreshconf) [   ] o.a.s.u.UpdateLog Could not find max version in index or recent updates, using new clock 1725906978847326208
2022-02-27 09:12:38.237 INFO  (searcherExecutor-37-thread-1-processing-n:10.27.39.74:7574_solr) [   ] o.a.s.c.S.Request [techproducts_shard1_replica_n1]  webapp=null path=null params={q=static+firstSearcher+warming+in+solrconfig.xml&distrib=false&event=firstSearcher} hits=0 status=0 QTime=1
2022-02-27 09:12:38.237 INFO  (searcherExecutor-37-thread-1-processing-n:10.27.39.74:7574_solr) [   ] o.a.s.c.QuerySenderListener QuerySenderListener done.
2022-02-27 09:12:38.237 INFO  (searcherExecutor-37-thread-1-processing-n:10.27.39.74:7574_solr) [   ] o.a.s.h.c.SpellCheckComponent Loading spell index for spellchecker: default
2022-02-27 09:12:38.237 INFO  (searcherExecutor-37-thread-1-processing-n:10.27.39.74:7574_solr) [   ] o.a.s.h.c.SpellCheckComponent Loading spell index for spellchecker: wordbreak
2022-02-27 09:12:38.242 INFO  (searcherExecutor-37-thread-1-processing-n:10.27.39.74:7574_solr) [   ] o.a.s.c.SolrCore [techproducts_shard1_replica_n1]  Registered new searcher autowarm time: 0 ms
2022-02-27 09:12:38.242 INFO  (SolrConfigHandler-refreshconf) [   ] o.a.s.u.DefaultSolrCoreState New IndexWriter is ready to be used.
2022-02-27 09:12:38.245 INFO  (SolrConfigHandler-refreshconf) [   ] o.a.s.c.SolrCore [techproducts_shard1_replica_n1]  CLOSING SolrCore org.apache.solr.core.SolrCore@5d0cb5bd
2022-02-27 09:12:38.245 INFO  (SolrConfigHandler-refreshconf) [   ] o.a.s.m.SolrMetricManager Closing metric reporters for registry=solr.core.techproducts.shard1.replica_n1 tag=SolrCore@5d0cb5bd
2022-02-27 09:12:38.245 INFO  (SolrConfigHandler-refreshconf) [   ] o.a.s.m.r.SolrJmxReporter Closing reporter [org.apache.solr.metrics.reporters.SolrJmxReporter@15f7503c: rootName = null, domain = solr.core.techproducts.shard1.replica_n1, service url = null, agent id = null] for registry solr.core.techproducts.shard1.replica_n1/com.codahale.metrics.MetricRegistry@5bd4657f
2022-02-27 09:12:38.245 INFO  (searcherExecutor-37-thread-1-processing-n:10.27.39.74:7574_solr) [   ] o.a.s.c.QuerySenderListener QuerySenderListener done.
2022-02-27 09:12:38.250 INFO  (searcherExecutor-37-thread-1-processing-n:10.27.39.74:7574_solr) [   ] o.a.s.c.SolrCore [techproducts_shard1_replica_n1]  Registered new searcher autowarm time: 0 ms
2022-02-27 09:12:38.250 INFO  (SolrConfigHandler-refreshconf) [   ] o.a.s.m.SolrMetricManager Closing metric reporters for registry=solr.collection.techproducts.shard1.leader tag=SolrCore@5d0cb5bd
2022-02-27 09:12:38.285 INFO  (qtp1866768727-67) [c:techproducts s:shard1 r:core_node3 x:techproducts_shard1_replica_n1] o.a.s.h.SolrConfigHandler I already have the expected version 0 of config
2022-02-27 09:12:38.286 INFO  (qtp1866768727-67) [c:techproducts s:shard1 r:core_node3 x:techproducts_shard1_replica_n1] o.a.s.h.SolrConfigHandler isStale false , resourceloader org.apache.solr.cloud.ZkSolrResourceLoader
2022-02-27 09:12:38.286 INFO  (qtp1866768727-67) [c:techproducts s:shard1 r:core_node3 x:techproducts_shard1_replica_n1] o.a.s.c.S.Request [techproducts_shard1_replica_n1]  webapp=/solr path=/config/znodeVersion params={overlay=0&wt=javabin&version=2} status=0 QTime=0
2022-02-27 09:15:57.354 INFO  (qtp1866768727-55) [   ] o.a.s.s.HttpSolrCall [admin] webapp=null path=/admin/info/system params={wt=javabin&version=2&_=1645953357047} status=0 QTime=70
2022-02-27 09:16:04.599 INFO  (qtp1866768727-57) [   ] o.a.s.s.HttpSolrCall [admin] webapp=null path=/admin/info/system params={wt=javabin&version=2&_=1645953182980} status=0 QTime=73
2022-02-27 09:21:01.909 INFO  (qtp1866768727-67) [c:techproducts s:shard1 r:core_node3 x:techproducts_shard1_replica_n1] o.a.s.u.p.LogUpdateProcessorFactory [techproducts_shard1_replica_n1]  webapp=/solr path=/update params={update.distrib=FROMLEADER&distrib.from=http://10.27.39.74:8983/solr/techproducts_shard1_replica_n2/&wt=javabin&version=2}{add=[0812521390 (1725907506912296960), 0441385532 (1725907506919636992), 0380014300 (1725907506919636993), 0805080481 (1725907506922782720), 080508049X (1725907506923831296)]} 0 66
2022-02-27 09:21:01.930 INFO  (qtp1866768727-58) [c:techproducts s:shard2 r:core_node7 x:techproducts_shard2_replica_n4] o.a.s.u.p.LogUpdateProcessorFactory [techproducts_shard2_replica_n4]  webapp=/solr path=/update params={update.distrib=FROMLEADER&distrib.from=http://10.27.39.74:8983/solr/techproducts_shard2_replica_n6/&wt=javabin&version=2}{add=[0553573403 (1725907506606112768), 0553579908 (1725907506722504704), 055357342X (1725907506723553280), 0553293354 (1725907506725650432), 0812550706 (1725907506727747584)]} 0 101
2022-02-27 09:21:01.957 INFO  (qtp1866768727-58) [c:techproducts s:shard1 r:core_node3 x:techproducts_shard1_replica_n1] o.a.s.u.p.LogUpdateProcessorFactory [techproducts_shard1_replica_n1]  webapp=/solr path=/update params={update.distrib=FROMLEADER&distrib.from=http://10.27.39.74:8983/solr/techproducts_shard1_replica_n2/&wt=javabin&version=2}{add=[978-0641723445 (1725907507030786048)]} 0 4
2022-02-27 09:21:01.960 INFO  (qtp1866768727-67) [c:techproducts s:shard2 r:core_node7 x:techproducts_shard2_replica_n4] o.a.s.u.p.LogUpdateProcessorFactory [techproducts_shard2_replica_n4]  webapp=/solr path=/update params={update.distrib=FROMLEADER&distrib.from=http://10.27.39.74:8983/solr/techproducts_shard2_replica_n6/&wt=javabin&version=2}{add=[978-1423103349 (1725907507027640320), 978-1857995879 (1725907507033931776), 978-1933988177 (1725907507036028928)]} 0 9
2022-02-27 09:21:02.057 INFO  (qtp1866768727-58) [c:techproducts s:shard1 r:core_node3 x:techproducts_shard1_replica_n1] o.a.s.u.p.LogUpdateProcessorFactory [techproducts_shard1_replica_n1]  webapp=/solr path=/update params={update.distrib=FROMLEADER&distrib.from=http://10.27.39.74:8983/solr/techproducts_shard1_replica_n2/&wt=javabin&version=2}{add=[GB18030TEST (1725907507113623552)]} 0 3
2022-02-27 09:21:02.112 INFO  (qtp1866768727-67) [c:techproducts s:shard2 r:core_node7 x:techproducts_shard2_replica_n4] o.a.s.u.p.LogUpdateProcessorFactory [techproducts_shard2_replica_n4]  webapp=/solr path=/update params={update.distrib=FROMLEADER&distrib.from=http://10.27.39.74:8983/solr/techproducts_shard2_replica_n6/&wt=javabin&version=2}{add=[SP2514N (1725907507157663744), 6H500F0 (1725907507181780992)]} 0 19
2022-02-27 09:21:02.126 INFO  (qtp1866768727-67) [c:techproducts s:shard1 r:core_node3 x:techproducts_shard1_replica_n1] o.a.s.u.p.LogUpdateProcessorFactory [techproducts_shard1_replica_n1]  webapp=/solr path=/update params={update.distrib=FROMLEADER&distrib.from=http://10.27.39.74:8983/solr/techproducts_shard1_replica_n2/&wt=javabin&version=2}{add=[IW-02 (1725907507213238272)]} 0 1
2022-02-27 09:21:02.129 INFO  (qtp1866768727-82) [c:techproducts s:shard2 r:core_node7 x:techproducts_shard2_replica_n4] o.a.s.u.p.LogUpdateProcessorFactory [techproducts_shard2_replica_n4]  webapp=/solr path=/update params={update.distrib=FROMLEADER&distrib.from=http://10.27.39.74:8983/solr/techproducts_shard2_replica_n6/&wt=javabin&version=2}{add=[F8V7067-APL-KIT (1725907507209043968)]} 0 8
2022-02-27 09:21:02.152 INFO  (qtp1866768727-67) [c:techproducts s:shard1 r:core_node3 x:techproducts_shard1_replica_n1] o.a.s.u.p.LogUpdateProcessorFactory [techproducts_shard1_replica_n1]  webapp=/solr path=/update params={update.distrib=FROMLEADER&distrib.from=http://10.27.39.74:8983/solr/techproducts_shard1_replica_n2/&wt=javabin&version=2}{add=[MA147LL/A (1725907507227918336)]} 0 6
2022-02-27 09:21:02.167 INFO  (qtp1866768727-82) [c:techproducts s:shard1 r:core_node3 x:techproducts_shard1_replica_n1] o.a.s.u.p.LogUpdateProcessorFactory [techproducts_shard1_replica_n1]  webapp=/solr path=/update params={update.distrib=FROMLEADER&distrib.from=http://10.27.39.74:8983/solr/techproducts_shard1_replica_n2/&wt=javabin&version=2}{add=[adata (1725907507254132736), asus (1725907507255181312), belkin (1725907507256229888), maxtor (1725907507258327040)]} 0 4
2022-02-27 09:21:02.169 INFO  (qtp1866768727-59) [c:techproducts s:shard2 r:core_node7 x:techproducts_shard2_replica_n4] o.a.s.u.p.LogUpdateProcessorFactory [techproducts_shard2_replica_n4]  webapp=/solr path=/update params={update.distrib=FROMLEADER&distrib.from=http://10.27.39.74:8983/solr/techproducts_shard2_replica_n6/&wt=javabin&version=2}{add=[apple (1725907507252035584), ati (1725907507254132736), canon (1725907507255181312), corsair (1725907507256229888), dell (1725907507257278464), samsung (1725907507258327040), viewsonic (1725907507258327041)]} 0 7
2022-02-27 09:21:02.191 INFO  (qtp1866768727-82) [c:techproducts s:shard1 r:core_node3 x:techproducts_shard1_replica_n1] o.a.s.u.p.LogUpdateProcessorFactory [techproducts_shard1_replica_n1]  webapp=/solr path=/update params={update.distrib=FROMLEADER&distrib.from=http://10.27.39.74:8983/solr/techproducts_shard1_replica_n2/&wt=javabin&version=2}{add=[TWINX2048-3200PRO (1725907507270909952), VS1GB400C3 (1725907507277201408), VDBDB1A16 (1725907507279298560)]} 0 6
2022-02-27 09:21:02.203 INFO  (qtp1866768727-67) [c:techproducts s:shard1 r:core_node3 x:techproducts_shard1_replica_n1] o.a.s.u.p.LogUpdateProcessorFactory [techproducts_shard1_replica_n1]  webapp=/solr path=/update params={update.distrib=FROMLEADER&distrib.from=http://10.27.39.74:8983/solr/techproducts_shard1_replica_n2/&wt=javabin&version=2}{add=[USD (1725907507293978624), GBP (1725907507295027200)]} 0 2
2022-02-27 09:21:02.206 INFO  (qtp1866768727-59) [c:techproducts s:shard2 r:core_node7 x:techproducts_shard2_replica_n4] o.a.s.u.p.LogUpdateProcessorFactory [techproducts_shard2_replica_n4]  webapp=/solr path=/update params={update.distrib=FROMLEADER&distrib.from=http://10.27.39.74:8983/solr/techproducts_shard2_replica_n6/&wt=javabin&version=2}{add=[EUR (1725907507292930048), NOK (1725907507293978624)]} 0 6
2022-02-27 09:21:02.215 INFO  (qtp1866768727-67) [c:techproducts s:shard1 r:core_node3 x:techproducts_shard1_replica_n1] o.a.s.u.p.LogUpdateProcessorFactory [techproducts_shard1_replica_n1]  webapp=/solr path=/update params={update.distrib=FROMLEADER&distrib.from=http://10.27.39.74:8983/solr/techproducts_shard1_replica_n2/&wt=javabin&version=2}{add=[3007WFP (1725907507306561536)]} 0 1
2022-02-27 09:21:02.224 INFO  (qtp1866768727-82) [c:techproducts s:shard2 r:core_node7 x:techproducts_shard2_replica_n4] o.a.s.u.p.LogUpdateProcessorFactory [techproducts_shard2_replica_n4]  webapp=/solr path=/update params={update.distrib=FROMLEADER&distrib.from=http://10.27.39.74:8983/solr/techproducts_shard2_replica_n6/&wt=javabin&version=2}{add=[VA902B (1725907507315998720)]} 0 1
2022-02-27 09:21:02.234 INFO  (qtp1866768727-82) [c:techproducts s:shard1 r:core_node3 x:techproducts_shard1_replica_n1] o.a.s.u.p.LogUpdateProcessorFactory [techproducts_shard1_replica_n1]  webapp=/solr path=/update params={update.distrib=FROMLEADER&distrib.from=http://10.27.39.74:8983/solr/techproducts_shard1_replica_n2/&wt=javabin&version=2}{add=[0679805273 (1725907507328581632)]} 0 0
2022-02-27 09:21:02.236 INFO  (qtp1866768727-67) [c:techproducts s:shard2 r:core_node7 x:techproducts_shard2_replica_n4] o.a.s.u.p.LogUpdateProcessorFactory [techproducts_shard2_replica_n4]  webapp=/solr path=/update params={update.distrib=FROMLEADER&distrib.from=http://10.27.39.74:8983/solr/techproducts_shard2_replica_n6/&wt=javabin&version=2}{add=[0060248025 (1725907507325435904)]} 0 5
2022-02-27 09:21:02.247 INFO  (qtp1866768727-82) [c:techproducts s:shard2 r:core_node7 x:techproducts_shard2_replica_n4] o.a.s.u.p.LogUpdateProcessorFactory [techproducts_shard2_replica_n4]  webapp=/solr path=/update params={update.distrib=FROMLEADER&distrib.from=http://10.27.39.74:8983/solr/techproducts_shard2_replica_n6/&wt=javabin&version=2}{add=[0579B002 (1725907507339067392)]} 0 2
2022-02-27 09:21:03.243 INFO  (qtp1866768727-67) [c:techproducts s:shard2 r:core_node7 x:techproducts_shard2_replica_n4] o.a.s.u.p.LogUpdateProcessorFactory [techproducts_shard2_replica_n4]  webapp=/solr path=/update params={update.distrib=FROMLEADER&distrib.from=http://10.27.39.74:8983/solr/techproducts_shard2_replica_n6/&wt=javabin&version=2}{add=[C:\Users\Mitali\solr-8.11.1\solr-8.11.1\example\exampledocs\post.jar (1725907508375060480)]} 0 5
2022-02-27 09:21:03.369 INFO  (qtp1866768727-82) [c:techproducts s:shard2 r:core_node7 x:techproducts_shard2_replica_n4] o.a.s.u.p.LogUpdateProcessorFactory [techproducts_shard2_replica_n4]  webapp=/solr path=/update params={update.distrib=FROMLEADER&distrib.from=http://10.27.39.74:8983/solr/techproducts_shard2_replica_n6/&wt=javabin&version=2}{add=[C:\Users\Mitali\solr-8.11.1\solr-8.11.1\example\exampledocs\sample.html (1725907508514521088)]} 0 2
2022-02-27 09:21:03.382 INFO  (qtp1866768727-67) [c:techproducts s:shard2 r:core_node7 x:techproducts_shard2_replica_n4] o.a.s.u.p.LogUpdateProcessorFactory [techproducts_shard2_replica_n4]  webapp=/solr path=/update params={update.distrib=FROMLEADER&distrib.from=http://10.27.39.74:8983/solr/techproducts_shard2_replica_n6/&wt=javabin&version=2}{add=[9885A004 (1725907508527104000)]} 0 2
2022-02-27 09:21:04.267 INFO  (qtp1866768727-58) [c:techproducts s:shard1 r:core_node3 x:techproducts_shard1_replica_n1] o.a.s.u.p.LogUpdateProcessorFactory [techproducts_shard1_replica_n1]  webapp=/solr path=/update params={update.distrib=FROMLEADER&distrib.from=http://10.27.39.74:8983/solr/techproducts_shard1_replica_n2/&wt=javabin&version=2}{add=[C:\Users\Mitali\solr-8.11.1\solr-8.11.1\example\exampledocs\solr-word.pdf (1725907509452996608)]} 0 3
2022-02-27 09:21:04.283 INFO  (qtp1866768727-82) [c:techproducts s:shard2 r:core_node7 x:techproducts_shard2_replica_n4] o.a.s.u.p.LogUpdateProcessorFactory [techproducts_shard2_replica_n4]  webapp=/solr path=/update params={update.distrib=FROMLEADER&distrib.from=http://10.27.39.74:8983/solr/techproducts_shard2_replica_n6/&wt=javabin&version=2}{add=[SOLR1000 (1725907509475016704)]} 0 1
2022-02-27 09:21:04.348 INFO  (qtp1866768727-58) [c:techproducts s:shard1 r:core_node3 x:techproducts_shard1_replica_n1] o.a.s.u.p.LogUpdateProcessorFactory [techproducts_shard1_replica_n1]  webapp=/solr path=/update params={update.distrib=FROMLEADER&distrib.from=http://10.27.39.74:8983/solr/techproducts_shard1_replica_n2/&wt=javabin&version=2}{add=[C:\Users\Mitali\solr-8.11.1\solr-8.11.1\example\exampledocs\test_utf8.sh (1725907509542125568)]} 0 1
2022-02-27 09:21:04.367 INFO  (qtp1866768727-67) [c:techproducts s:shard2 r:core_node7 x:techproducts_shard2_replica_n4] o.a.s.u.p.LogUpdateProcessorFactory [techproducts_shard2_replica_n4]  webapp=/solr path=/update params={update.distrib=FROMLEADER&distrib.from=http://10.27.39.74:8983/solr/techproducts_shard2_replica_n6/&wt=javabin&version=2}{add=[UTF8TEST (1725907509556805632)]} 0 6
2022-02-27 09:21:04.382 INFO  (qtp1866768727-58) [c:techproducts s:shard1 r:core_node3 x:techproducts_shard1_replica_n1] o.a.s.u.p.LogUpdateProcessorFactory [techproducts_shard1_replica_n1]  webapp=/solr path=/update params={update.distrib=FROMLEADER&distrib.from=http://10.27.39.74:8983/solr/techproducts_shard1_replica_n2/&wt=javabin&version=2}{add=[EN7800GTX/2DHTV/256M (1725907509573582848)]} 0 5
2022-02-27 09:21:04.384 INFO  (qtp1866768727-67) [c:techproducts s:shard2 r:core_node7 x:techproducts_shard2_replica_n4] o.a.s.u.p.LogUpdateProcessorFactory [techproducts_shard2_replica_n4]  webapp=/solr path=/update params={update.distrib=FROMLEADER&distrib.from=http://10.27.39.74:8983/solr/techproducts_shard2_replica_n6/&wt=javabin&version=2}{add=[100-435805 (1725907509577777152)]} 0 4
2022-02-27 09:21:04.589 INFO  (searcherExecutor-37-thread-1-processing-n:10.27.39.74:7574_solr x:techproducts_shard1_replica_n1 c:techproducts s:shard1 r:core_node3) [c:techproducts s:shard1 r:core_node3 x:techproducts_shard1_replica_n1] o.a.s.c.QuerySenderListener QuerySenderListener done.
2022-02-27 09:21:04.591 INFO  (searcherExecutor-37-thread-1-processing-n:10.27.39.74:7574_solr x:techproducts_shard1_replica_n1 c:techproducts s:shard1 r:core_node3) [c:techproducts s:shard1 r:core_node3 x:techproducts_shard1_replica_n1] o.a.s.c.SolrCore [techproducts_shard1_replica_n1]  Registered new searcher autowarm time: 0 ms
2022-02-27 09:21:04.592 INFO  (qtp1866768727-58) [c:techproducts s:shard1 r:core_node3 x:techproducts_shard1_replica_n1] o.a.s.u.p.LogUpdateProcessorFactory [techproducts_shard1_replica_n1]  webapp=/solr path=/update params={update.distrib=FROMLEADER&waitSearcher=true&openSearcher=true&commit=true&softCommit=false&distrib.from=http://10.27.39.74:8983/solr/techproducts_shard1_replica_n2/&commit_end_point=replicas&wt=javabin&version=2&expungeDeletes=false}{commit=} 0 190
2022-02-27 09:21:04.682 INFO  (searcherExecutor-35-thread-1-processing-n:10.27.39.74:7574_solr x:techproducts_shard2_replica_n4 c:techproducts s:shard2 r:core_node7) [c:techproducts s:shard2 r:core_node7 x:techproducts_shard2_replica_n4] o.a.s.c.QuerySenderListener QuerySenderListener done.
2022-02-27 09:21:04.685 INFO  (searcherExecutor-35-thread-1-processing-n:10.27.39.74:7574_solr x:techproducts_shard2_replica_n4 c:techproducts s:shard2 r:core_node7) [c:techproducts s:shard2 r:core_node7 x:techproducts_shard2_replica_n4] o.a.s.c.SolrCore [techproducts_shard2_replica_n4]  Registered new searcher autowarm time: 0 ms
2022-02-27 09:21:04.687 INFO  (qtp1866768727-67) [c:techproducts s:shard2 r:core_node7 x:techproducts_shard2_replica_n4] o.a.s.u.p.LogUpdateProcessorFactory [techproducts_shard2_replica_n4]  webapp=/solr path=/update params={update.distrib=FROMLEADER&waitSearcher=true&openSearcher=true&commit=true&softCommit=false&distrib.from=http://10.27.39.74:8983/solr/techproducts_shard2_replica_n6/&commit_end_point=replicas&wt=javabin&version=2&expungeDeletes=false}{commit=} 0 89
2022-02-27 09:21:40.130 INFO  (qtp1866768727-67) [c:techproducts s:shard1 r:core_node3 x:techproducts_shard1_replica_n1] o.a.s.c.S.Request [techproducts_shard1_replica_n1]  webapp=/solr path=/select params={df=text&distrib=false&preferLocalShards=false&fl=id&fl=score&shards.purpose=16388&start=0&fsv=true&q.op=OR&shard.url=http://10.27.39.74:7574/solr/techproducts_shard1_replica_n1/|http://10.27.39.74:8983/solr/techproducts_shard1_replica_n2/&rows=10&rid=-5&version=2&q=*:*&omitHeader=false&NOW=1645953700102&isShard=true&wt=javabin&_=1645953681598} hits=23 status=0 QTime=18
2022-02-27 09:21:40.185 INFO  (qtp1866768727-32) [c:techproducts s:shard1 r:core_node3 x:techproducts_shard1_replica_n1] o.a.s.c.S.Request [techproducts_shard1_replica_n1]  webapp=/solr path=/select params={df=text&distrib=false&preferLocalShards=false&shards.purpose=64&q.op=OR&shard.url=http://10.27.39.74:7574/solr/techproducts_shard1_replica_n1/|http://10.27.39.74:8983/solr/techproducts_shard1_replica_n2/&rows=10&rid=-5&version=2&q=*:*&omitHeader=false&NOW=1645953700102&ids=0805080481,GB18030TEST,0812521390,0441385532,MA147LL/A,080508049X,0380014300,IW-02,978-0641723445,adata&isShard=true&wt=javabin&_=1645953681598} status=0 QTime=9
2022-02-27 09:22:18.727 INFO  (qtp1866768727-67) [c:techproducts s:shard1 r:core_node3 x:techproducts_shard1_replica_n1] o.a.s.c.S.Request [techproducts_shard1_replica_n1]  webapp=/solr path=/select params={df=text&distrib=false&preferLocalShards=false&fl=id&fl=score&shards.purpose=16388&start=0&fsv=true&shard.url=http://10.27.39.74:7574/solr/techproducts_shard1_replica_n1/|http://10.27.39.74:8983/solr/techproducts_shard1_replica_n2/&rows=10&rid=-6&version=2&q=foundation&omitHeader=false&NOW=1645953738719&isShard=true&wt=javabin} hits=1 status=0 QTime=4
2022-02-27 09:22:18.731 INFO  (qtp1866768727-32) [c:techproducts s:shard1 r:core_node3 x:techproducts_shard1_replica_n1] o.a.s.c.S.Request [techproducts_shard1_replica_n1]  webapp=/solr path=/select params={df=text&distrib=false&preferLocalShards=false&shards.purpose=64&shard.url=http://10.27.39.74:7574/solr/techproducts_shard1_replica_n1/|http://10.27.39.74:8983/solr/techproducts_shard1_replica_n2/&rows=10&rid=-6&version=2&q=foundation&omitHeader=false&NOW=1645953738719&ids=C:\\Users\\Mitali\\solr-8.11.1\\solr-8.11.1\\example\\exampledocs\\test_utf8.sh&isShard=true&wt=javabin} status=0 QTime=0
2022-02-27 09:22:41.209 INFO  (qtp1866768727-67) [c:techproducts s:shard1 r:core_node3 x:techproducts_shard1_replica_n1] o.a.s.c.S.Request [techproducts_shard1_replica_n1]  webapp=/solr path=/select params={df=text&distrib=false&preferLocalShards=false&fl=id&fl=score&shards.purpose=16388&start=0&fsv=true&q.op=OR&shard.url=http://10.27.39.74:7574/solr/techproducts_shard1_replica_n1/|http://10.27.39.74:8983/solr/techproducts_shard1_replica_n2/&rows=10&rid=-7&version=2&q=foundation&omitHeader=false&NOW=1645953761199&isShard=true&wt=javabin&_=1645953681598} hits=1 status=0 QTime=2
2022-02-27 09:22:41.217 INFO  (qtp1866768727-32) [c:techproducts s:shard1 r:core_node3 x:techproducts_shard1_replica_n1] o.a.s.c.S.Request [techproducts_shard1_replica_n1]  webapp=/solr path=/select params={df=text&distrib=false&preferLocalShards=false&shards.purpose=64&q.op=OR&shard.url=http://10.27.39.74:7574/solr/techproducts_shard1_replica_n1/|http://10.27.39.74:8983/solr/techproducts_shard1_replica_n2/&rows=10&rid=-7&version=2&q=foundation&omitHeader=false&NOW=1645953761199&ids=C:\\Users\\Mitali\\solr-8.11.1\\solr-8.11.1\\example\\exampledocs\\test_utf8.sh&isShard=true&wt=javabin&_=1645953681598} status=0 QTime=2
2022-02-27 09:22:41.373 INFO  (qtp1866768727-67) [c:techproducts s:shard1 r:core_node3 x:techproducts_shard1_replica_n1] o.a.s.c.S.Request [techproducts_shard1_replica_n1]  webapp=/solr path=/select params={df=text&distrib=false&preferLocalShards=false&fl=id&fl=score&shards.purpose=16388&start=0&fsv=true&q.op=OR&shard.url=http://10.27.39.74:7574/solr/techproducts_shard1_replica_n1/|http://10.27.39.74:8983/solr/techproducts_shard1_replica_n2/&rows=10&rid=-8&version=2&q=foundation&omitHeader=false&NOW=1645953761366&isShard=true&wt=javabin&_=1645953681598} hits=1 status=0 QTime=2
2022-02-27 09:22:41.375 INFO  (qtp1866768727-82) [c:techproducts s:shard2 r:core_node7 x:techproducts_shard2_replica_n4] o.a.s.c.S.Request [techproducts_shard2_replica_n4]  webapp=/solr path=/select params={df=text&distrib=false&preferLocalShards=false&fl=id&fl=score&shards.purpose=16388&start=0&fsv=true&q.op=OR&shard.url=http://10.27.39.74:7574/solr/techproducts_shard2_replica_n4/|http://10.27.39.74:8983/solr/techproducts_shard2_replica_n6/&rows=10&rid=-8&version=2&q=foundation&omitHeader=false&NOW=1645953761366&isShard=true&wt=javabin&_=1645953681598} hits=3 status=0 QTime=3
2022-02-27 09:22:41.388 INFO  (qtp1866768727-67) [c:techproducts s:shard1 r:core_node3 x:techproducts_shard1_replica_n1] o.a.s.c.S.Request [techproducts_shard1_replica_n1]  webapp=/solr path=/select params={df=text&distrib=false&preferLocalShards=false&shards.purpose=64&q.op=OR&shard.url=http://10.27.39.74:7574/solr/techproducts_shard1_replica_n1/|http://10.27.39.74:8983/solr/techproducts_shard1_replica_n2/&rows=10&rid=-8&version=2&q=foundation&omitHeader=false&NOW=1645953761366&ids=C:\\Users\\Mitali\\solr-8.11.1\\solr-8.11.1\\example\\exampledocs\\test_utf8.sh&isShard=true&wt=javabin&_=1645953681598} status=0 QTime=1
2022-02-27 09:22:41.388 INFO  (qtp1866768727-32) [c:techproducts s:shard2 r:core_node7 x:techproducts_shard2_replica_n4] o.a.s.c.S.Request [techproducts_shard2_replica_n4]  webapp=/solr path=/select params={df=text&distrib=false&preferLocalShards=false&shards.purpose=64&q.op=OR&shard.url=http://10.27.39.74:7574/solr/techproducts_shard2_replica_n4/|http://10.27.39.74:8983/solr/techproducts_shard2_replica_n6/&rows=10&rid=-8&version=2&q=foundation&omitHeader=false&NOW=1645953761366&ids=0553293354,SOLR1000,UTF8TEST&isShard=true&wt=javabin&_=1645953681598} status=0 QTime=2
2022-02-27 09:25:25.923 INFO  (qtp1866768727-32) [c:techproducts s:shard2 r:core_node7 x:techproducts_shard2_replica_n4] o.a.s.c.S.Request [techproducts_shard2_replica_n4]  webapp=/solr path=/select params={df=text&distrib=false&preferLocalShards=false&fl=id&fl=score&shards.purpose=16388&start=0&fsv=true&q.op=OR&shard.url=http://10.27.39.74:7574/solr/techproducts_shard2_replica_n4/|http://10.27.39.74:8983/solr/techproducts_shard2_replica_n6/&rows=10&rid=-9&version=2&q=electronics&omitHeader=false&NOW=1645953925908&isShard=true&wt=javabin&_=1645953681598} hits=7 status=0 QTime=2
2022-02-27 09:25:25.941 INFO  (qtp1866768727-29) [c:techproducts s:shard2 r:core_node7 x:techproducts_shard2_replica_n4] o.a.s.c.S.Request [techproducts_shard2_replica_n4]  webapp=/solr path=/select params={df=text&distrib=false&preferLocalShards=false&shards.purpose=64&q.op=OR&shard.url=http://10.27.39.74:7574/solr/techproducts_shard2_replica_n4/|http://10.27.39.74:8983/solr/techproducts_shard2_replica_n6/&rows=10&rid=-9&version=2&q=electronics&omitHeader=false&NOW=1645953925908&ids=F8V7067-APL-KIT,6H500F0,100-435805,9885A004,SP2514N,VA902B&isShard=true&wt=javabin&_=1645953681598} status=0 QTime=3
2022-02-27 09:25:26.111 INFO  (qtp1866768727-32) [c:techproducts s:shard2 r:core_node7 x:techproducts_shard2_replica_n4] o.a.s.c.S.Request [techproducts_shard2_replica_n4]  webapp=/solr path=/select params={df=text&distrib=false&preferLocalShards=false&fl=id&fl=score&shards.purpose=16388&start=0&fsv=true&q.op=OR&shard.url=http://10.27.39.74:7574/solr/techproducts_shard2_replica_n4/|http://10.27.39.74:8983/solr/techproducts_shard2_replica_n6/&rows=10&rid=-10&version=2&q=electronics&omitHeader=false&NOW=1645953926106&isShard=true&wt=javabin&_=1645953681598} hits=7 status=0 QTime=1
2022-02-27 09:25:26.118 INFO  (qtp1866768727-29) [c:techproducts s:shard2 r:core_node7 x:techproducts_shard2_replica_n4] o.a.s.c.S.Request [techproducts_shard2_replica_n4]  webapp=/solr path=/select params={df=text&distrib=false&preferLocalShards=false&shards.purpose=64&q.op=OR&shard.url=http://10.27.39.74:7574/solr/techproducts_shard2_replica_n4/|http://10.27.39.74:8983/solr/techproducts_shard2_replica_n6/&rows=10&rid=-10&version=2&q=electronics&omitHeader=false&NOW=1645953926106&ids=F8V7067-APL-KIT,6H500F0,100-435805,9885A004,SP2514N,VA902B&isShard=true&wt=javabin&_=1645953681598} status=0 QTime=2
2022-02-27 09:25:54.918 INFO  (qtp1866768727-32) [c:techproducts s:shard2 r:core_node7 x:techproducts_shard2_replica_n4] o.a.s.c.S.Request [techproducts_shard2_replica_n4]  webapp=/solr path=/select params={df=text&distrib=false&preferLocalShards=false&fl=id&fl=score&shards.purpose=16388&start=0&fsv=true&q.op=OR&shard.url=http://10.27.39.74:7574/solr/techproducts_shard2_replica_n4/|http://10.27.39.74:8983/solr/techproducts_shard2_replica_n6/&rows=10&rid=-11&version=2&q=cat:electronics&omitHeader=false&NOW=1645953954908&isShard=true&wt=javabin&_=1645953681598} hits=6 status=0 QTime=3
2022-02-27 09:25:54.918 INFO  (qtp1866768727-90) [c:techproducts s:shard1 r:core_node3 x:techproducts_shard1_replica_n1] o.a.s.c.S.Request [techproducts_shard1_replica_n1]  webapp=/solr path=/select params={df=text&distrib=false&preferLocalShards=false&fl=id&fl=score&shards.purpose=16388&start=0&fsv=true&q.op=OR&shard.url=http://10.27.39.74:7574/solr/techproducts_shard1_replica_n1/|http://10.27.39.74:8983/solr/techproducts_shard1_replica_n2/&rows=10&rid=-11&version=2&q=cat:electronics&omitHeader=false&NOW=1645953954908&isShard=true&wt=javabin&_=1645953681598} hits=6 status=0 QTime=2
2022-02-27 09:25:54.931 INFO  (qtp1866768727-32) [c:techproducts s:shard1 r:core_node3 x:techproducts_shard1_replica_n1] o.a.s.c.S.Request [techproducts_shard1_replica_n1]  webapp=/solr path=/select params={df=text&distrib=false&preferLocalShards=false&shards.purpose=64&q.op=OR&shard.url=http://10.27.39.74:7574/solr/techproducts_shard1_replica_n1/|http://10.27.39.74:8983/solr/techproducts_shard1_replica_n2/&rows=10&rid=-11&version=2&q=cat:electronics&omitHeader=false&NOW=1645953954908&ids=VS1GB400C3,TWINX2048-3200PRO,MA147LL/A,IW-02&isShard=true&wt=javabin&_=1645953681598} status=0 QTime=1
2022-02-27 09:25:54.931 INFO  (qtp1866768727-67) [c:techproducts s:shard2 r:core_node7 x:techproducts_shard2_replica_n4] o.a.s.c.S.Request [techproducts_shard2_replica_n4]  webapp=/solr path=/select params={df=text&distrib=false&preferLocalShards=false&shards.purpose=64&q.op=OR&shard.url=http://10.27.39.74:7574/solr/techproducts_shard2_replica_n4/|http://10.27.39.74:8983/solr/techproducts_shard2_replica_n6/&rows=10&rid=-11&version=2&q=cat:electronics&omitHeader=false&NOW=1645953954908&ids=F8V7067-APL-KIT,6H500F0,100-435805,9885A004,0579B002,SP2514N&isShard=true&wt=javabin&_=1645953681598} status=0 QTime=2
2022-02-27 09:27:49.361 INFO  (qtp1866768727-90) [c:techproducts s:shard2 r:core_node7 x:techproducts_shard2_replica_n4] o.a.s.c.S.Request [techproducts_shard2_replica_n4]  webapp=/solr path=/select params={df=text&distrib=false&preferLocalShards=false&fl=id&fl=score&shards.purpose=16388&start=0&fsv=true&q.op=OR&shard.url=http://10.27.39.74:7574/solr/techproducts_shard2_replica_n4/|http://10.27.39.74:8983/solr/techproducts_shard2_replica_n6/&rows=10&rid=-13&version=2&q="CAS+latency"&omitHeader=false&NOW=1645954069331&isShard=true&wt=javabin&_=1645953681598} hits=0 status=0 QTime=15
2022-02-27 09:27:49.554 INFO  (qtp1866768727-67) [c:techproducts s:shard1 r:core_node3 x:techproducts_shard1_replica_n1] o.a.s.c.S.Request [techproducts_shard1_replica_n1]  webapp=/solr path=/select params={df=text&distrib=false&preferLocalShards=false&fl=id&fl=score&shards.purpose=16388&start=0&fsv=true&q.op=OR&shard.url=http://10.27.39.74:7574/solr/techproducts_shard1_replica_n1/|http://10.27.39.74:8983/solr/techproducts_shard1_replica_n2/&rows=10&rid=-14&version=2&q="CAS+latency"&omitHeader=false&NOW=1645954069533&isShard=true&wt=javabin&_=1645953681598} hits=2 status=0 QTime=18
2022-02-27 09:27:49.560 INFO  (qtp1866768727-90) [c:techproducts s:shard1 r:core_node3 x:techproducts_shard1_replica_n1] o.a.s.c.S.Request [techproducts_shard1_replica_n1]  webapp=/solr path=/select params={df=text&distrib=false&preferLocalShards=false&shards.purpose=64&q.op=OR&shard.url=http://10.27.39.74:7574/solr/techproducts_shard1_replica_n1/|http://10.27.39.74:8983/solr/techproducts_shard1_replica_n2/&rows=10&rid=-14&version=2&q="CAS+latency"&omitHeader=false&NOW=1645954069533&ids=TWINX2048-3200PRO,VDBDB1A16&isShard=true&wt=javabin&_=1645953681598} status=0 QTime=2
2022-02-27 09:28:17.147 INFO  (qtp1866768727-67) [c:techproducts s:shard1 r:core_node3 x:techproducts_shard1_replica_n1] o.a.s.c.S.Request [techproducts_shard1_replica_n1]  webapp=/solr path=/select params={df=text&distrib=false&preferLocalShards=false&fl=id&fl=score&shards.purpose=16388&start=0&fsv=true&q.op=OR&shard.url=http://10.27.39.74:7574/solr/techproducts_shard1_replica_n1/|http://10.27.39.74:8983/solr/techproducts_shard1_replica_n2/&rows=10&rid=-15&version=2&q=%2Belectronics+%2Bmusic&omitHeader=false&NOW=1645954097127&isShard=true&wt=javabin&_=1645953681598} hits=1 status=0 QTime=12
2022-02-27 09:28:17.156 INFO  (qtp1866768727-90) [c:techproducts s:shard1 r:core_node3 x:techproducts_shard1_replica_n1] o.a.s.c.S.Request [techproducts_shard1_replica_n1]  webapp=/solr path=/select params={df=text&distrib=false&preferLocalShards=false&shards.purpose=64&q.op=OR&shard.url=http://10.27.39.74:7574/solr/techproducts_shard1_replica_n1/|http://10.27.39.74:8983/solr/techproducts_shard1_replica_n2/&rows=10&rid=-15&version=2&q=%2Belectronics+%2Bmusic&omitHeader=false&NOW=1645954097127&ids=MA147LL/A&isShard=true&wt=javabin&_=1645953681598} status=0 QTime=1
2022-02-27 09:28:17.303 INFO  (qtp1866768727-67) [c:techproducts s:shard1 r:core_node3 x:techproducts_shard1_replica_n1] o.a.s.c.S.Request [techproducts_shard1_replica_n1]  webapp=/solr path=/select params={df=text&distrib=false&preferLocalShards=false&fl=id&fl=score&shards.purpose=16388&start=0&fsv=true&q.op=OR&shard.url=http://10.27.39.74:7574/solr/techproducts_shard1_replica_n1/|http://10.27.39.74:8983/solr/techproducts_shard1_replica_n2/&rows=10&rid=-16&version=2&q=%2Belectronics+%2Bmusic&omitHeader=false&NOW=1645954097295&isShard=true&wt=javabin&_=1645953681598} hits=1 status=0 QTime=2
2022-02-27 09:28:17.305 INFO  (qtp1866768727-59) [c:techproducts s:shard2 r:core_node7 x:techproducts_shard2_replica_n4] o.a.s.c.S.Request [techproducts_shard2_replica_n4]  webapp=/solr path=/select params={df=text&distrib=false&preferLocalShards=false&fl=id&fl=score&shards.purpose=16388&start=0&fsv=true&q.op=OR&shard.url=http://10.27.39.74:7574/solr/techproducts_shard2_replica_n4/|http://10.27.39.74:8983/solr/techproducts_shard2_replica_n6/&rows=10&rid=-16&version=2&q=%2Belectronics+%2Bmusic&omitHeader=false&NOW=1645954097295&isShard=true&wt=javabin&_=1645953681598} hits=0 status=0 QTime=4
2022-02-27 09:28:17.313 INFO  (qtp1866768727-90) [c:techproducts s:shard1 r:core_node3 x:techproducts_shard1_replica_n1] o.a.s.c.S.Request [techproducts_shard1_replica_n1]  webapp=/solr path=/select params={df=text&distrib=false&preferLocalShards=false&shards.purpose=64&q.op=OR&shard.url=http://10.27.39.74:7574/solr/techproducts_shard1_replica_n1/|http://10.27.39.74:8983/solr/techproducts_shard1_replica_n2/&rows=10&rid=-16&version=2&q=%2Belectronics+%2Bmusic&omitHeader=false&NOW=1645954097295&ids=MA147LL/A&isShard=true&wt=javabin&_=1645953681598} status=0 QTime=2
2022-02-27 09:56:28.297 INFO  (ShutdownMonitor) [   ] o.e.j.s.AbstractConnector Stopped ServerConnector@78fbff54{HTTP/1.1, (http/1.1, h2c)}{0.0.0.0:7574}
2022-02-27 09:56:28.297 INFO  (ShutdownMonitor) [   ] o.e.j.s.session node0 Stopped scavenging
2022-02-27 09:56:28.298 INFO  (ShutdownMonitor) [   ] o.a.s.c.CoreContainer Shutting down CoreContainer instance=1904620350
2022-02-27 09:56:28.298 INFO  (ShutdownMonitor) [   ] o.a.s.c.ZkController Remove node as live in ZooKeeper:/live_nodes/10.27.39.74:7574_solr
2022-02-27 09:56:28.305 INFO  (ShutdownMonitor) [   ] o.a.s.c.ZkController Publish this node as DOWN...
2022-02-27 09:56:28.305 INFO  (ShutdownMonitor) [   ] o.a.s.c.ZkController Publish node=10.27.39.74:7574_solr as DOWN
2022-02-27 09:56:28.316 INFO  (zkCallback-12-thread-5) [   ] o.a.s.c.c.ZkStateReader A cluster state change: [WatchedEvent state:SyncConnected type:NodeDataChanged path:/collections/techproducts/state.json] for collection [techproducts] has occurred - updating... (live nodes size: [2])
2022-02-27 09:56:28.316 INFO  (coreCloseExecutor-46-thread-1) [   ] o.a.s.c.SolrCore [techproducts_shard2_replica_n4]  CLOSING SolrCore org.apache.solr.core.SolrCore@6669cc7b
2022-02-27 09:56:28.316 INFO  (coreCloseExecutor-46-thread-1) [   ] o.a.s.m.SolrMetricManager Closing metric reporters for registry=solr.core.techproducts.shard2.replica_n4 tag=SolrCore@6669cc7b
2022-02-27 09:56:28.316 INFO  (zkCallback-12-thread-6) [   ] o.a.s.c.c.ZkStateReader A cluster state change: [WatchedEvent state:SyncConnected type:NodeDataChanged path:/collections/techproducts/state.json] for collection [techproducts] has occurred - updating... (live nodes size: [2])
2022-02-27 09:56:28.316 INFO  (coreCloseExecutor-46-thread-1) [   ] o.a.s.m.r.SolrJmxReporter Closing reporter [org.apache.solr.metrics.reporters.SolrJmxReporter@3f857808: rootName = null, domain = solr.core.techproducts.shard2.replica_n4, service url = null, agent id = null] for registry solr.core.techproducts.shard2.replica_n4/com.codahale.metrics.MetricRegistry@3d556ac6
2022-02-27 09:56:28.317 INFO  (coreCloseExecutor-46-thread-2) [   ] o.a.s.c.SolrCore [techproducts_shard1_replica_n1]  CLOSING SolrCore org.apache.solr.core.SolrCore@4f0445bd
2022-02-27 09:56:28.329 INFO  (coreCloseExecutor-46-thread-1) [   ] o.a.s.m.SolrMetricManager Closing metric reporters for registry=solr.collection.techproducts.shard2.leader tag=SolrCore@6669cc7b
2022-02-27 09:56:28.329 INFO  (coreCloseExecutor-46-thread-2) [   ] o.a.s.m.SolrMetricManager Closing metric reporters for registry=solr.core.techproducts.shard1.replica_n1 tag=SolrCore@4f0445bd
2022-02-27 09:56:28.329 INFO  (coreCloseExecutor-46-thread-2) [   ] o.a.s.m.r.SolrJmxReporter Closing reporter [org.apache.solr.metrics.reporters.SolrJmxReporter@7749b964: rootName = null, domain = solr.core.techproducts.shard1.replica_n1, service url = null, agent id = null] for registry solr.core.techproducts.shard1.replica_n1/com.codahale.metrics.MetricRegistry@5bd4657f
2022-02-27 09:56:28.331 INFO  (coreCloseExecutor-46-thread-1) [   ] o.a.s.u.DirectUpdateHandler2 Committing on IndexWriter.close()  ... SKIPPED (unnecessary).
2022-02-27 09:56:28.334 INFO  (coreCloseExecutor-46-thread-2) [   ] o.a.s.m.SolrMetricManager Closing metric reporters for registry=solr.collection.techproducts.shard1.leader tag=SolrCore@4f0445bd
2022-02-27 09:56:28.335 INFO  (coreCloseExecutor-46-thread-2) [   ] o.a.s.u.DirectUpdateHandler2 Committing on IndexWriter.close()  ... SKIPPED (unnecessary).
2022-02-27 09:56:28.343 INFO  (ShutdownMonitor) [   ] o.a.s.m.SolrMetricManager Closing metric reporters for registry=solr.node tag=null
2022-02-27 09:56:28.343 INFO  (ShutdownMonitor) [   ] o.a.s.m.r.SolrJmxReporter Closing reporter [org.apache.solr.metrics.reporters.SolrJmxReporter@6ec63f8: rootName = null, domain = solr.node, service url = null, agent id = null] for registry solr.node/com.codahale.metrics.MetricRegistry@663c01c1
2022-02-27 09:56:28.345 INFO  (ShutdownMonitor) [   ] o.a.s.m.SolrMetricManager Closing metric reporters for registry=solr.jvm tag=null
2022-02-27 09:56:28.345 INFO  (ShutdownMonitor) [   ] o.a.s.m.r.SolrJmxReporter Closing reporter [org.apache.solr.metrics.reporters.SolrJmxReporter@3290b1a6: rootName = null, domain = solr.jvm, service url = null, agent id = null] for registry solr.jvm/com.codahale.metrics.MetricRegistry@5ba56463
2022-02-27 09:56:28.345 INFO  (ShutdownMonitor) [   ] o.a.s.m.SolrMetricManager Closing metric reporters for registry=solr.jetty tag=null
2022-02-27 09:56:28.345 INFO  (ShutdownMonitor) [   ] o.a.s.m.r.SolrJmxReporter Closing reporter [org.apache.solr.metrics.reporters.SolrJmxReporter@6fcd31c3: rootName = null, domain = solr.jetty, service url = null, agent id = null] for registry solr.jetty/com.codahale.metrics.MetricRegistry@289c84de
2022-02-27 09:56:28.346 INFO  (ShutdownMonitor) [   ] o.a.s.m.SolrMetricManager Closing metric reporters for registry=solr.cluster tag=null
2022-02-27 09:56:28.473 INFO  (ShutdownMonitor) [   ] o.e.j.s.h.ContextHandler Stopped o.e.j.w.WebAppContext@4b85880b{/solr,null,STOPPED}{C:\Users\Mitali\solr-8.11.1\solr-8.11.1\server/solr-webapp/webapp}
